{"C:\\Users\\prady\\Documents\\GitHub\\EasyAuth\\packages\\core\\src\\core.ts": {"path":"C:\\Users\\prady\\Documents\\GitHub\\EasyAuth\\packages\\core\\src\\core.ts","statementMap":{"0":{"start":{"line":12,"column":30},"end":{"line":12,"column":null}},"1":{"start":{"line":15,"column":27},"end":{"line":15,"column":null}},"2":{"start":{"line":18,"column":32},"end":{"line":18,"column":null}},"3":{"start":{"line":21,"column":29},"end":{"line":21,"column":null}},"4":{"start":{"line":24,"column":32},"end":{"line":24,"column":null}},"5":{"start":{"line":97,"column":2},"end":{"line":101,"column":null}},"6":{"start":{"line":98,"column":4},"end":{"line":101,"column":null}},"7":{"start":{"line":103,"column":2},"end":{"line":107,"column":null}},"8":{"start":{"line":104,"column":4},"end":{"line":107,"column":null}},"9":{"start":{"line":121,"column":2},"end":{"line":121,"column":null}},"10":{"start":{"line":123,"column":32},"end":{"line":123,"column":67}},"11":{"start":{"line":126,"column":2},"end":{"line":130,"column":null}},"12":{"start":{"line":127,"column":4},"end":{"line":130,"column":null}},"13":{"start":{"line":133,"column":20},"end":{"line":133,"column":null}},"14":{"start":{"line":134,"column":24},"end":{"line":134,"column":null}},"15":{"start":{"line":135,"column":22},"end":{"line":135,"column":null}},"16":{"start":{"line":136,"column":25},"end":{"line":136,"column":null}},"17":{"start":{"line":137,"column":23},"end":{"line":137,"column":null}},"18":{"start":{"line":138,"column":20},"end":{"line":138,"column":null}},"19":{"start":{"line":141,"column":4},"end":{"line":142,"column":null}},"20":{"start":{"line":142,"column":6},"end":{"line":142,"column":null}},"21":{"start":{"line":145,"column":10},"end":{"line":145,"column":39}},"22":{"start":{"line":146,"column":23},"end":{"line":146,"column":44}},"23":{"start":{"line":148,"column":4},"end":{"line":148,"column":null}},"24":{"start":{"line":149,"column":4},"end":{"line":149,"column":null}},"25":{"start":{"line":151,"column":4},"end":{"line":151,"column":null}},"26":{"start":{"line":155,"column":4},"end":{"line":156,"column":null}},"27":{"start":{"line":156,"column":6},"end":{"line":156,"column":null}},"28":{"start":{"line":160,"column":24},"end":{"line":160,"column":53}},"29":{"start":{"line":161,"column":4},"end":{"line":165,"column":null}},"30":{"start":{"line":162,"column":6},"end":{"line":165,"column":null}},"31":{"start":{"line":168,"column":22},"end":{"line":168,"column":47}},"32":{"start":{"line":169,"column":4},"end":{"line":170,"column":null}},"33":{"start":{"line":170,"column":6},"end":{"line":170,"column":null}},"34":{"start":{"line":174,"column":4},"end":{"line":181,"column":null}},"35":{"start":{"line":175,"column":24},"end":{"line":175,"column":null}},"36":{"start":{"line":176,"column":6},"end":{"line":176,"column":null}},"37":{"start":{"line":177,"column":6},"end":{"line":177,"column":null}},"38":{"start":{"line":178,"column":6},"end":{"line":181,"column":null}},"39":{"start":{"line":184,"column":20},"end":{"line":184,"column":65}},"40":{"start":{"line":186,"column":4},"end":{"line":197,"column":null}},"41":{"start":{"line":187,"column":23},"end":{"line":187,"column":62}},"42":{"start":{"line":188,"column":6},"end":{"line":195,"column":null}},"43":{"start":{"line":189,"column":26},"end":{"line":189,"column":null}},"44":{"start":{"line":190,"column":8},"end":{"line":190,"column":null}},"45":{"start":{"line":191,"column":8},"end":{"line":191,"column":null}},"46":{"start":{"line":192,"column":8},"end":{"line":195,"column":null}},"47":{"start":{"line":197,"column":6},"end":{"line":197,"column":null}},"48":{"start":{"line":201,"column":4},"end":{"line":201,"column":null}},"49":{"start":{"line":203,"column":25},"end":{"line":203,"column":51}},"50":{"start":{"line":204,"column":22},"end":{"line":204,"column":null}},"51":{"start":{"line":205,"column":17},"end":{"line":205,"column":46}},"52":{"start":{"line":207,"column":10},"end":{"line":207,"column":59}},"53":{"start":{"line":209,"column":4},"end":{"line":209,"column":null}},"54":{"start":{"line":211,"column":4},"end":{"line":211,"column":null}},"55":{"start":{"line":216,"column":10},"end":{"line":216,"column":47}},"56":{"start":{"line":217,"column":18},"end":{"line":217,"column":null}},"57":{"start":{"line":219,"column":17},"end":{"line":219,"column":43}},"58":{"start":{"line":220,"column":4},"end":{"line":222,"column":null}},"59":{"start":{"line":222,"column":6},"end":{"line":222,"column":null}},"60":{"start":{"line":225,"column":4},"end":{"line":225,"column":null}},"61":{"start":{"line":230,"column":24},"end":{"line":230,"column":84}},"62":{"start":{"line":231,"column":10},"end":{"line":231,"column":null}},"63":{"start":{"line":233,"column":48},"end":{"line":237,"column":null}},"64":{"start":{"line":242,"column":22},"end":{"line":242,"column":null}},"65":{"start":{"line":244,"column":4},"end":{"line":244,"column":null}},"66":{"start":{"line":248,"column":4},"end":{"line":248,"column":null}},"67":{"start":{"line":249,"column":4},"end":{"line":249,"column":null}},"68":{"start":{"line":253,"column":4},"end":{"line":253,"column":null}},"69":{"start":{"line":254,"column":4},"end":{"line":254,"column":null}},"70":{"start":{"line":261,"column":4},"end":{"line":261,"column":null}},"71":{"start":{"line":262,"column":4},"end":{"line":262,"column":null}},"72":{"start":{"line":265,"column":2},"end":{"line":273,"column":null}}},"fnMap":{"0":{"name":"validateConfig","decl":{"start":{"line":96,"column":9},"end":{"line":96,"column":24}},"loc":{"start":{"line":96,"column":50},"end":{"line":107,"column":null}},"line":96},"1":{"name":"createAuth","decl":{"start":{"line":120,"column":16},"end":{"line":120,"column":27}},"loc":{"start":{"line":120,"column":90},"end":{"line":273,"column":null}},"line":120},"2":{"name":"sendOTP","decl":{"start":{"line":140,"column":17},"end":{"line":140,"column":25}},"loc":{"start":{"line":140,"column":55},"end":{"line":151,"column":null}},"line":140},"3":{"name":"verifyOTP","decl":{"start":{"line":154,"column":17},"end":{"line":154,"column":27}},"loc":{"start":{"line":154,"column":82},"end":{"line":211,"column":null}},"line":154},"4":{"name":"verifyToken","decl":{"start":{"line":214,"column":17},"end":{"line":214,"column":29}},"loc":{"start":{"line":214,"column":59},"end":{"line":225,"column":null}},"line":214},"5":{"name":"enroll2FA","decl":{"start":{"line":228,"column":17},"end":{"line":228,"column":27}},"loc":{"start":{"line":228,"column":68},"end":{"line":244,"column":null}},"line":228},"6":{"name":"confirm2FA","decl":{"start":{"line":247,"column":17},"end":{"line":247,"column":28}},"loc":{"start":{"line":247,"column":76},"end":{"line":249,"column":null}},"line":247},"7":{"name":"verify2FA","decl":{"start":{"line":252,"column":17},"end":{"line":252,"column":27}},"loc":{"start":{"line":252,"column":75},"end":{"line":254,"column":null}},"line":252},"8":{"name":"revokeUser","decl":{"start":{"line":257,"column":17},"end":{"line":257,"column":28}},"loc":{"start":{"line":257,"column":58},"end":{"line":262,"column":null}},"line":257}},"branchMap":{"0":{"loc":{"start":{"line":97,"column":2},"end":{"line":101,"column":null}},"type":"if","locations":[{"start":{"line":97,"column":2},"end":{"line":101,"column":null}},{"start":{},"end":{}}],"line":97},"1":{"loc":{"start":{"line":103,"column":2},"end":{"line":107,"column":null}},"type":"if","locations":[{"start":{"line":103,"column":2},"end":{"line":107,"column":null}},{"start":{},"end":{}}],"line":103},"2":{"loc":{"start":{"line":103,"column":6},"end":{"line":103,"column":100}},"type":"binary-expr","locations":[{"start":{"line":103,"column":6},"end":{"line":103,"column":27}},{"start":{"line":103,"column":27},"end":{"line":103,"column":54}},{"start":{"line":103,"column":54},"end":{"line":103,"column":81}},{"start":{"line":103,"column":81},"end":{"line":103,"column":100}}],"line":103},"3":{"loc":{"start":{"line":120,"column":47},"end":{"line":120,"column":90}},"type":"default-arg","locations":[{"start":{"line":120,"column":64},"end":{"line":120,"column":90}}],"line":120},"4":{"loc":{"start":{"line":123,"column":32},"end":{"line":123,"column":67}},"type":"binary-expr","locations":[{"start":{"line":123,"column":32},"end":{"line":123,"column":48}},{"start":{"line":123,"column":48},"end":{"line":123,"column":67}}],"line":123},"5":{"loc":{"start":{"line":126,"column":2},"end":{"line":130,"column":null}},"type":"if","locations":[{"start":{"line":126,"column":2},"end":{"line":130,"column":null}},{"start":{},"end":{}}],"line":126},"6":{"loc":{"start":{"line":133,"column":20},"end":{"line":133,"column":null}},"type":"binary-expr","locations":[{"start":{"line":133,"column":20},"end":{"line":133,"column":42}},{"start":{"line":133,"column":42},"end":{"line":133,"column":null}}],"line":133},"7":{"loc":{"start":{"line":134,"column":24},"end":{"line":134,"column":null}},"type":"binary-expr","locations":[{"start":{"line":134,"column":24},"end":{"line":134,"column":50}},{"start":{"line":134,"column":50},"end":{"line":134,"column":null}}],"line":134},"8":{"loc":{"start":{"line":135,"column":22},"end":{"line":135,"column":null}},"type":"binary-expr","locations":[{"start":{"line":135,"column":22},"end":{"line":135,"column":49}},{"start":{"line":135,"column":49},"end":{"line":135,"column":null}}],"line":135},"9":{"loc":{"start":{"line":136,"column":25},"end":{"line":136,"column":null}},"type":"binary-expr","locations":[{"start":{"line":136,"column":25},"end":{"line":136,"column":55}},{"start":{"line":136,"column":55},"end":{"line":136,"column":null}}],"line":136},"10":{"loc":{"start":{"line":137,"column":23},"end":{"line":137,"column":null}},"type":"binary-expr","locations":[{"start":{"line":137,"column":23},"end":{"line":137,"column":47}},{"start":{"line":137,"column":47},"end":{"line":137,"column":null}}],"line":137},"11":{"loc":{"start":{"line":141,"column":4},"end":{"line":142,"column":null}},"type":"if","locations":[{"start":{"line":141,"column":4},"end":{"line":142,"column":null}},{"start":{},"end":{}}],"line":141},"12":{"loc":{"start":{"line":155,"column":4},"end":{"line":156,"column":null}},"type":"if","locations":[{"start":{"line":155,"column":4},"end":{"line":156,"column":null}},{"start":{},"end":{}}],"line":155},"13":{"loc":{"start":{"line":161,"column":4},"end":{"line":165,"column":null}},"type":"if","locations":[{"start":{"line":161,"column":4},"end":{"line":165,"column":null}},{"start":{},"end":{}}],"line":161},"14":{"loc":{"start":{"line":169,"column":4},"end":{"line":170,"column":null}},"type":"if","locations":[{"start":{"line":169,"column":4},"end":{"line":170,"column":null}},{"start":{},"end":{}}],"line":169},"15":{"loc":{"start":{"line":174,"column":4},"end":{"line":181,"column":null}},"type":"if","locations":[{"start":{"line":174,"column":4},"end":{"line":181,"column":null}},{"start":{},"end":{}}],"line":174},"16":{"loc":{"start":{"line":186,"column":4},"end":{"line":197,"column":null}},"type":"if","locations":[{"start":{"line":186,"column":4},"end":{"line":197,"column":null}},{"start":{},"end":{}}],"line":186},"17":{"loc":{"start":{"line":188,"column":6},"end":{"line":195,"column":null}},"type":"if","locations":[{"start":{"line":188,"column":6},"end":{"line":195,"column":null}},{"start":{},"end":{}}],"line":188},"18":{"loc":{"start":{"line":220,"column":4},"end":{"line":222,"column":null}},"type":"if","locations":[{"start":{"line":220,"column":4},"end":{"line":222,"column":null}},{"start":{},"end":{}}],"line":220},"19":{"loc":{"start":{"line":230,"column":24},"end":{"line":230,"column":84}},"type":"binary-expr","locations":[{"start":{"line":230,"column":24},"end":{"line":230,"column":56}},{"start":{"line":230,"column":60},"end":{"line":230,"column":84}}],"line":230},"20":{"loc":{"start":{"line":231,"column":10},"end":{"line":231,"column":null}},"type":"binary-expr","locations":[{"start":{"line":231,"column":10},"end":{"line":231,"column":73}},{"start":{"line":231,"column":73},"end":{"line":231,"column":null}}],"line":231},"21":{"loc":{"start":{"line":231,"column":20},"end":{"line":231,"column":56}},"type":"binary-expr","locations":[{"start":{"line":231,"column":20},"end":{"line":231,"column":38}},{"start":{"line":231,"column":38},"end":{"line":231,"column":56}}],"line":231}},"s":{"0":5,"1":5,"2":5,"3":5,"4":5,"5":33,"6":2,"7":31,"8":2,"9":33,"10":33,"11":33,"12":0,"13":29,"14":33,"15":33,"16":33,"17":33,"18":33,"19":7,"20":2,"21":5,"22":5,"23":5,"24":5,"25":5,"26":16,"27":1,"28":15,"29":15,"30":1,"31":14,"32":14,"33":1,"34":13,"35":0,"36":0,"37":0,"38":0,"39":13,"40":13,"41":8,"42":8,"43":1,"44":1,"45":1,"46":1,"47":7,"48":5,"49":5,"50":5,"51":5,"52":5,"53":5,"54":5,"55":5,"56":5,"57":5,"58":2,"59":1,"60":1,"61":6,"62":6,"63":6,"64":5,"65":5,"66":2,"67":0,"68":2,"69":0,"70":0,"71":0,"72":33},"f":{"0":33,"1":33,"2":7,"3":16,"4":5,"5":6,"6":2,"7":2,"8":0},"b":{"0":[2,31],"1":[2,29],"2":[31,30,30,30],"3":[33],"4":[33,0],"5":[0,33],"6":[29,29],"7":[33,29],"8":[33,29],"9":[33,29],"10":[33,0],"11":[2,5],"12":[1,15],"13":[1,14],"14":[1,13],"15":[0,13],"16":[8,5],"17":[1,7],"18":[1,1],"19":[6,0],"20":[6,0],"21":[6,0]},"meta":{"lastBranch":22,"lastFunction":9,"lastStatement":73,"seen":{"s:12:30:12:Infinity":0,"s:15:27:15:Infinity":1,"s:18:32:18:Infinity":2,"s:21:29:21:Infinity":3,"s:24:32:24:Infinity":4,"f:96:9:96:24":0,"b:97:2:101:Infinity:undefined:undefined:undefined:undefined":0,"s:97:2:101:Infinity":5,"s:98:4:101:Infinity":6,"b:103:2:107:Infinity:undefined:undefined:undefined:undefined":1,"s:103:2:107:Infinity":7,"b:103:6:103:27:103:27:103:54:103:54:103:81:103:81:103:100":2,"s:104:4:107:Infinity":8,"f:120:16:120:27":1,"b:120:64:120:90":3,"s:121:2:121:Infinity":9,"s:123:32:123:67":10,"b:123:32:123:48:123:48:123:67":4,"b:126:2:130:Infinity:undefined:undefined:undefined:undefined":5,"s:126:2:130:Infinity":11,"s:127:4:130:Infinity":12,"s:133:20:133:Infinity":13,"b:133:20:133:42:133:42:133:Infinity":6,"s:134:24:134:Infinity":14,"b:134:24:134:50:134:50:134:Infinity":7,"s:135:22:135:Infinity":15,"b:135:22:135:49:135:49:135:Infinity":8,"s:136:25:136:Infinity":16,"b:136:25:136:55:136:55:136:Infinity":9,"s:137:23:137:Infinity":17,"b:137:23:137:47:137:47:137:Infinity":10,"s:138:20:138:Infinity":18,"f:140:17:140:25":2,"b:141:4:142:Infinity:undefined:undefined:undefined:undefined":11,"s:141:4:142:Infinity":19,"s:142:6:142:Infinity":20,"s:145:10:145:39":21,"s:146:23:146:44":22,"s:148:4:148:Infinity":23,"s:149:4:149:Infinity":24,"s:151:4:151:Infinity":25,"f:154:17:154:27":3,"b:155:4:156:Infinity:undefined:undefined:undefined:undefined":12,"s:155:4:156:Infinity":26,"s:156:6:156:Infinity":27,"s:160:24:160:53":28,"b:161:4:165:Infinity:undefined:undefined:undefined:undefined":13,"s:161:4:165:Infinity":29,"s:162:6:165:Infinity":30,"s:168:22:168:47":31,"b:169:4:170:Infinity:undefined:undefined:undefined:undefined":14,"s:169:4:170:Infinity":32,"s:170:6:170:Infinity":33,"b:174:4:181:Infinity:undefined:undefined:undefined:undefined":15,"s:174:4:181:Infinity":34,"s:175:24:175:Infinity":35,"s:176:6:176:Infinity":36,"s:177:6:177:Infinity":37,"s:178:6:181:Infinity":38,"s:184:20:184:65":39,"b:186:4:197:Infinity:undefined:undefined:undefined:undefined":16,"s:186:4:197:Infinity":40,"s:187:23:187:62":41,"b:188:6:195:Infinity:undefined:undefined:undefined:undefined":17,"s:188:6:195:Infinity":42,"s:189:26:189:Infinity":43,"s:190:8:190:Infinity":44,"s:191:8:191:Infinity":45,"s:192:8:195:Infinity":46,"s:197:6:197:Infinity":47,"s:201:4:201:Infinity":48,"s:203:25:203:51":49,"s:204:22:204:Infinity":50,"s:205:17:205:46":51,"s:207:10:207:59":52,"s:209:4:209:Infinity":53,"s:211:4:211:Infinity":54,"f:214:17:214:29":4,"s:216:10:216:47":55,"s:217:18:217:Infinity":56,"s:219:17:219:43":57,"b:220:4:222:Infinity:undefined:undefined:undefined:undefined":18,"s:220:4:222:Infinity":58,"s:222:6:222:Infinity":59,"s:225:4:225:Infinity":60,"f:228:17:228:27":5,"s:230:24:230:84":61,"b:230:24:230:56:230:60:230:84":19,"s:231:10:231:Infinity":62,"b:231:10:231:73:231:73:231:Infinity":20,"b:231:20:231:38:231:38:231:56":21,"s:233:48:237:Infinity":63,"s:242:22:242:Infinity":64,"s:244:4:244:Infinity":65,"f:247:17:247:28":6,"s:248:4:248:Infinity":66,"s:249:4:249:Infinity":67,"f:252:17:252:27":7,"s:253:4:253:Infinity":68,"s:254:4:254:Infinity":69,"f:257:17:257:28":8,"s:261:4:261:Infinity":70,"s:262:4:262:Infinity":71,"s:265:2:273:Infinity":72}}}
,"C:\\Users\\prady\\Documents\\GitHub\\EasyAuth\\packages\\core\\src\\adapters\\memory.ts": {"path":"C:\\Users\\prady\\Documents\\GitHub\\EasyAuth\\packages\\core\\src\\adapters\\memory.ts","statementMap":{"0":{"start":{"line":21,"column":18},"end":{"line":21,"column":41}},"1":{"start":{"line":22,"column":17},"end":{"line":22,"column":45}},"2":{"start":{"line":23,"column":21},"end":{"line":23,"column":46}},"3":{"start":{"line":24,"column":17},"end":{"line":24,"column":46}},"4":{"start":{"line":27,"column":4},"end":{"line":27,"column":null}},"5":{"start":{"line":34,"column":21},"end":{"line":34,"column":42}},"6":{"start":{"line":35,"column":16},"end":{"line":35,"column":26}},"7":{"start":{"line":36,"column":4},"end":{"line":39,"column":null}},"8":{"start":{"line":37,"column":28},"end":{"line":37,"column":null}},"9":{"start":{"line":38,"column":6},"end":{"line":38,"column":null}},"10":{"start":{"line":39,"column":6},"end":{"line":39,"column":null}},"11":{"start":{"line":41,"column":26},"end":{"line":47,"column":null}},"12":{"start":{"line":48,"column":4},"end":{"line":48,"column":null}},"13":{"start":{"line":49,"column":4},"end":{"line":49,"column":null}},"14":{"start":{"line":57,"column":4},"end":{"line":61,"column":null}},"15":{"start":{"line":67,"column":19},"end":{"line":67,"column":39}},"16":{"start":{"line":68,"column":4},"end":{"line":68,"column":null}},"17":{"start":{"line":68,"column":17},"end":{"line":68,"column":null}},"18":{"start":{"line":70,"column":4},"end":{"line":72,"column":null}},"19":{"start":{"line":71,"column":6},"end":{"line":71,"column":null}},"20":{"start":{"line":72,"column":6},"end":{"line":72,"column":null}},"21":{"start":{"line":74,"column":4},"end":{"line":74,"column":null}},"22":{"start":{"line":78,"column":19},"end":{"line":78,"column":39}},"23":{"start":{"line":79,"column":4},"end":{"line":79,"column":null}},"24":{"start":{"line":79,"column":17},"end":{"line":79,"column":null}},"25":{"start":{"line":80,"column":4},"end":{"line":80,"column":null}},"26":{"start":{"line":81,"column":4},"end":{"line":81,"column":null}},"27":{"start":{"line":85,"column":4},"end":{"line":85,"column":null}},"28":{"start":{"line":89,"column":4},"end":{"line":89,"column":null}},"29":{"start":{"line":93,"column":18},"end":{"line":93,"column":42}},"30":{"start":{"line":94,"column":4},"end":{"line":94,"column":null}},"31":{"start":{"line":94,"column":29},"end":{"line":94,"column":null}},"32":{"start":{"line":96,"column":4},"end":{"line":98,"column":null}},"33":{"start":{"line":97,"column":6},"end":{"line":97,"column":null}},"34":{"start":{"line":98,"column":6},"end":{"line":98,"column":null}},"35":{"start":{"line":100,"column":4},"end":{"line":100,"column":null}},"36":{"start":{"line":104,"column":21},"end":{"line":104,"column":41}},"37":{"start":{"line":105,"column":4},"end":{"line":109,"column":null}},"38":{"start":{"line":113,"column":4},"end":{"line":113,"column":null}},"39":{"start":{"line":117,"column":21},"end":{"line":117,"column":41}},"40":{"start":{"line":118,"column":4},"end":{"line":121,"column":null}},"41":{"start":{"line":119,"column":6},"end":{"line":119,"column":null}},"42":{"start":{"line":121,"column":6},"end":{"line":121,"column":null}},"43":{"start":{"line":124,"column":17},"end":{"line":124,"column":38}},"44":{"start":{"line":125,"column":4},"end":{"line":126,"column":null}},"45":{"start":{"line":126,"column":6},"end":{"line":126,"column":null}},"46":{"start":{"line":131,"column":4},"end":{"line":131,"column":null}},"47":{"start":{"line":135,"column":21},"end":{"line":135,"column":41}},"48":{"start":{"line":136,"column":4},"end":{"line":143,"column":null}},"49":{"start":{"line":137,"column":6},"end":{"line":137,"column":null}},"50":{"start":{"line":139,"column":6},"end":{"line":143,"column":null}},"51":{"start":{"line":151,"column":19},"end":{"line":151,"column":39}},"52":{"start":{"line":152,"column":4},"end":{"line":152,"column":null}},"53":{"start":{"line":152,"column":17},"end":{"line":152,"column":null}},"54":{"start":{"line":153,"column":18},"end":{"line":153,"column":56}},"55":{"start":{"line":154,"column":4},"end":{"line":154,"column":null}},"56":{"start":{"line":154,"column":22},"end":{"line":154,"column":null}},"57":{"start":{"line":156,"column":4},"end":{"line":156,"column":null}},"58":{"start":{"line":157,"column":4},"end":{"line":157,"column":null}}},"fnMap":{"0":{"name":"(anonymous_0)","decl":{"start":{"line":26,"column":8},"end":{"line":26,"column":16}},"loc":{"start":{"line":26,"column":53},"end":{"line":27,"column":null}},"line":26},"1":{"name":"(anonymous_1)","decl":{"start":{"line":30,"column":8},"end":{"line":30,"column":null}},"loc":{"start":{"line":33,"column":19},"end":{"line":49,"column":null}},"line":33},"2":{"name":"(anonymous_2)","decl":{"start":{"line":52,"column":8},"end":{"line":52,"column":null}},"loc":{"start":{"line":56,"column":19},"end":{"line":61,"column":null}},"line":56},"3":{"name":"(anonymous_3)","decl":{"start":{"line":64,"column":8},"end":{"line":64,"column":null}},"loc":{"start":{"line":66,"column":62},"end":{"line":74,"column":null}},"line":66},"4":{"name":"(anonymous_4)","decl":{"start":{"line":77,"column":8},"end":{"line":77,"column":29}},"loc":{"start":{"line":77,"column":61},"end":{"line":81,"column":null}},"line":77},"5":{"name":"(anonymous_5)","decl":{"start":{"line":84,"column":8},"end":{"line":84,"column":18}},"loc":{"start":{"line":84,"column":48},"end":{"line":85,"column":null}},"line":84},"6":{"name":"(anonymous_6)","decl":{"start":{"line":88,"column":8},"end":{"line":88,"column":19}},"loc":{"start":{"line":88,"column":73},"end":{"line":89,"column":null}},"line":88},"7":{"name":"(anonymous_7)","decl":{"start":{"line":92,"column":8},"end":{"line":92,"column":19}},"loc":{"start":{"line":92,"column":58},"end":{"line":100,"column":null}},"line":92},"8":{"name":"(anonymous_8)","decl":{"start":{"line":103,"column":8},"end":{"line":103,"column":22}},"loc":{"start":{"line":103,"column":77},"end":{"line":109,"column":null}},"line":103},"9":{"name":"(anonymous_9)","decl":{"start":{"line":112,"column":8},"end":{"line":112,"column":22}},"loc":{"start":{"line":112,"column":61},"end":{"line":113,"column":null}},"line":112},"10":{"name":"(anonymous_10)","decl":{"start":{"line":116,"column":8},"end":{"line":116,"column":23}},"loc":{"start":{"line":116,"column":71},"end":{"line":126,"column":null}},"line":116},"11":{"name":"(anonymous_11)","decl":{"start":{"line":130,"column":8},"end":{"line":130,"column":23}},"loc":{"start":{"line":130,"column":56},"end":{"line":131,"column":null}},"line":130},"12":{"name":"(anonymous_12)","decl":{"start":{"line":134,"column":8},"end":{"line":134,"column":23}},"loc":{"start":{"line":134,"column":76},"end":{"line":143,"column":null}},"line":134},"13":{"name":"(anonymous_13)","decl":{"start":{"line":147,"column":8},"end":{"line":147,"column":null}},"loc":{"start":{"line":150,"column":22},"end":{"line":157,"column":null}},"line":150}},"branchMap":{"0":{"loc":{"start":{"line":27,"column":11},"end":{"line":27,"column":null}},"type":"binary-expr","locations":[{"start":{"line":27,"column":11},"end":{"line":27,"column":32}},{"start":{"line":27,"column":36},"end":{"line":27,"column":null}}],"line":27},"1":{"loc":{"start":{"line":36,"column":4},"end":{"line":39,"column":null}},"type":"if","locations":[{"start":{"line":36,"column":4},"end":{"line":39,"column":null}},{"start":{},"end":{}}],"line":36},"2":{"loc":{"start":{"line":46,"column":16},"end":{"line":46,"column":null}},"type":"binary-expr","locations":[{"start":{"line":46,"column":16},"end":{"line":46,"column":28}},{"start":{"line":46,"column":28},"end":{"line":46,"column":null}}],"line":46},"3":{"loc":{"start":{"line":68,"column":4},"end":{"line":68,"column":null}},"type":"if","locations":[{"start":{"line":68,"column":4},"end":{"line":68,"column":null}},{"start":{},"end":{}}],"line":68},"4":{"loc":{"start":{"line":70,"column":4},"end":{"line":72,"column":null}},"type":"if","locations":[{"start":{"line":70,"column":4},"end":{"line":72,"column":null}},{"start":{},"end":{}}],"line":70},"5":{"loc":{"start":{"line":79,"column":4},"end":{"line":79,"column":null}},"type":"if","locations":[{"start":{"line":79,"column":4},"end":{"line":79,"column":null}},{"start":{},"end":{}}],"line":79},"6":{"loc":{"start":{"line":94,"column":4},"end":{"line":94,"column":null}},"type":"if","locations":[{"start":{"line":94,"column":4},"end":{"line":94,"column":null}},{"start":{},"end":{}}],"line":94},"7":{"loc":{"start":{"line":96,"column":4},"end":{"line":98,"column":null}},"type":"if","locations":[{"start":{"line":96,"column":4},"end":{"line":98,"column":null}},{"start":{},"end":{}}],"line":96},"8":{"loc":{"start":{"line":107,"column":15},"end":{"line":107,"column":null}},"type":"binary-expr","locations":[{"start":{"line":107,"column":15},"end":{"line":107,"column":36}},{"start":{"line":107,"column":36},"end":{"line":107,"column":null}}],"line":107},"9":{"loc":{"start":{"line":108,"column":19},"end":{"line":108,"column":null}},"type":"binary-expr","locations":[{"start":{"line":108,"column":19},"end":{"line":108,"column":44}},{"start":{"line":108,"column":44},"end":{"line":108,"column":null}}],"line":108},"10":{"loc":{"start":{"line":113,"column":11},"end":{"line":113,"column":null}},"type":"binary-expr","locations":[{"start":{"line":113,"column":11},"end":{"line":113,"column":52}},{"start":{"line":113,"column":52},"end":{"line":113,"column":null}}],"line":113},"11":{"loc":{"start":{"line":118,"column":4},"end":{"line":121,"column":null}},"type":"if","locations":[{"start":{"line":118,"column":4},"end":{"line":121,"column":null}},{"start":{"line":120,"column":11},"end":{"line":121,"column":null}}],"line":118},"12":{"loc":{"start":{"line":125,"column":4},"end":{"line":126,"column":null}},"type":"if","locations":[{"start":{"line":125,"column":4},"end":{"line":126,"column":null}},{"start":{},"end":{}}],"line":125},"13":{"loc":{"start":{"line":131,"column":11},"end":{"line":131,"column":null}},"type":"binary-expr","locations":[{"start":{"line":131,"column":11},"end":{"line":131,"column":44}},{"start":{"line":131,"column":44},"end":{"line":131,"column":null}}],"line":131},"14":{"loc":{"start":{"line":136,"column":4},"end":{"line":143,"column":null}},"type":"if","locations":[{"start":{"line":136,"column":4},"end":{"line":143,"column":null}},{"start":{"line":138,"column":11},"end":{"line":143,"column":null}}],"line":136},"15":{"loc":{"start":{"line":152,"column":4},"end":{"line":152,"column":null}},"type":"if","locations":[{"start":{"line":152,"column":4},"end":{"line":152,"column":null}},{"start":{},"end":{}}],"line":152},"16":{"loc":{"start":{"line":154,"column":4},"end":{"line":154,"column":null}},"type":"if","locations":[{"start":{"line":154,"column":4},"end":{"line":154,"column":null}},{"start":{},"end":{}}],"line":154}},"s":{"0":39,"1":39,"2":39,"3":39,"4":8,"5":19,"6":19,"7":19,"8":3,"9":3,"10":3,"11":16,"12":19,"13":19,"14":18,"15":23,"16":23,"17":3,"18":20,"19":1,"20":1,"21":19,"22":10,"23":10,"24":0,"25":10,"26":10,"27":7,"28":4,"29":18,"30":18,"31":14,"32":4,"33":1,"34":1,"35":3,"36":6,"37":6,"38":4,"39":5,"40":5,"41":5,"42":0,"43":5,"44":5,"45":3,"46":10,"47":7,"48":7,"49":6,"50":1,"51":6,"52":6,"53":0,"54":6,"55":6,"56":3,"57":3,"58":3},"f":{"0":8,"1":19,"2":18,"3":23,"4":10,"5":7,"6":4,"7":18,"8":6,"9":4,"10":5,"11":10,"12":7,"13":6},"b":{"0":[8,4],"1":[3,16],"2":[16,16],"3":[3,20],"4":[1,19],"5":[0,10],"6":[14,4],"7":[1,3],"8":[6,6],"9":[6,6],"10":[4,1],"11":[5,0],"12":[3,2],"13":[10,6],"14":[6,1],"15":[0,6],"16":[3,3]},"meta":{"lastBranch":17,"lastFunction":14,"lastStatement":59,"seen":{"s:21:18:21:41":0,"s:22:17:22:45":1,"s:23:21:23:46":2,"s:24:17:24:46":3,"f:26:8:26:16":0,"s:27:4:27:Infinity":4,"b:27:11:27:32:27:36:27:Infinity":0,"f:30:8:30:Infinity":1,"s:34:21:34:42":5,"s:35:16:35:26":6,"b:36:4:39:Infinity:undefined:undefined:undefined:undefined":1,"s:36:4:39:Infinity":7,"s:37:28:37:Infinity":8,"s:38:6:38:Infinity":9,"s:39:6:39:Infinity":10,"s:41:26:47:Infinity":11,"b:46:16:46:28:46:28:46:Infinity":2,"s:48:4:48:Infinity":12,"s:49:4:49:Infinity":13,"f:52:8:52:Infinity":2,"s:57:4:61:Infinity":14,"f:64:8:64:Infinity":3,"s:67:19:67:39":15,"b:68:4:68:Infinity:undefined:undefined:undefined:undefined":3,"s:68:4:68:Infinity":16,"s:68:17:68:Infinity":17,"b:70:4:72:Infinity:undefined:undefined:undefined:undefined":4,"s:70:4:72:Infinity":18,"s:71:6:71:Infinity":19,"s:72:6:72:Infinity":20,"s:74:4:74:Infinity":21,"f:77:8:77:29":4,"s:78:19:78:39":22,"b:79:4:79:Infinity:undefined:undefined:undefined:undefined":5,"s:79:4:79:Infinity":23,"s:79:17:79:Infinity":24,"s:80:4:80:Infinity":25,"s:81:4:81:Infinity":26,"f:84:8:84:18":5,"s:85:4:85:Infinity":27,"f:88:8:88:19":6,"s:89:4:89:Infinity":28,"f:92:8:92:19":7,"s:93:18:93:42":29,"b:94:4:94:Infinity:undefined:undefined:undefined:undefined":6,"s:94:4:94:Infinity":30,"s:94:29:94:Infinity":31,"b:96:4:98:Infinity:undefined:undefined:undefined:undefined":7,"s:96:4:98:Infinity":32,"s:97:6:97:Infinity":33,"s:98:6:98:Infinity":34,"s:100:4:100:Infinity":35,"f:103:8:103:22":8,"s:104:21:104:41":36,"s:105:4:109:Infinity":37,"b:107:15:107:36:107:36:107:Infinity":8,"b:108:19:108:44:108:44:108:Infinity":9,"f:112:8:112:22":9,"s:113:4:113:Infinity":38,"b:113:11:113:52:113:52:113:Infinity":10,"f:116:8:116:23":10,"s:117:21:117:41":39,"b:118:4:121:Infinity:120:11:121:Infinity":11,"s:118:4:121:Infinity":40,"s:119:6:119:Infinity":41,"s:121:6:121:Infinity":42,"s:124:17:124:38":43,"b:125:4:126:Infinity:undefined:undefined:undefined:undefined":12,"s:125:4:126:Infinity":44,"s:126:6:126:Infinity":45,"f:130:8:130:23":11,"s:131:4:131:Infinity":46,"b:131:11:131:44:131:44:131:Infinity":13,"f:134:8:134:23":12,"s:135:21:135:41":47,"b:136:4:143:Infinity:138:11:143:Infinity":14,"s:136:4:143:Infinity":48,"s:137:6:137:Infinity":49,"s:139:6:143:Infinity":50,"f:147:8:147:Infinity":13,"s:151:19:151:39":51,"b:152:4:152:Infinity:undefined:undefined:undefined:undefined":15,"s:152:4:152:Infinity":52,"s:152:17:152:Infinity":53,"s:153:18:153:56":54,"b:154:4:154:Infinity:undefined:undefined:undefined:undefined":16,"s:154:4:154:Infinity":55,"s:154:22:154:Infinity":56,"s:156:4:156:Infinity":57,"s:157:4:157:Infinity":58}}}
,"C:\\Users\\prady\\Documents\\GitHub\\EasyAuth\\packages\\core\\src\\utils\\crypto.ts": {"path":"C:\\Users\\prady\\Documents\\GitHub\\EasyAuth\\packages\\core\\src\\utils\\crypto.ts","statementMap":{"0":{"start":{"line":5,"column":20},"end":{"line":5,"column":null}},"1":{"start":{"line":8,"column":22},"end":{"line":8,"column":null}},"2":{"start":{"line":11,"column":28},"end":{"line":11,"column":null}},"3":{"start":{"line":14,"column":23},"end":{"line":14,"column":null}},"4":{"start":{"line":17,"column":28},"end":{"line":17,"column":null}},"5":{"start":{"line":20,"column":27},"end":{"line":20,"column":null}},"6":{"start":{"line":23,"column":26},"end":{"line":23,"column":null}},"7":{"start":{"line":33,"column":14},"end":{"line":33,"column":34}},"8":{"start":{"line":34,"column":15},"end":{"line":34,"column":39}},"9":{"start":{"line":35,"column":2},"end":{"line":35,"column":null}},"10":{"start":{"line":45,"column":2},"end":{"line":45,"column":null}},"11":{"start":{"line":60,"column":2},"end":{"line":60,"column":null}},"12":{"start":{"line":71,"column":2},"end":{"line":77,"column":null}},"13":{"start":{"line":89,"column":14},"end":{"line":89,"column":44}},"14":{"start":{"line":90,"column":13},"end":{"line":90,"column":46}},"15":{"start":{"line":91,"column":17},"end":{"line":91,"column":62}},"16":{"start":{"line":93,"column":21},"end":{"line":96,"column":4}},"17":{"start":{"line":98,"column":18},"end":{"line":98,"column":37}},"18":{"start":{"line":99,"column":2},"end":{"line":99,"column":null}},"19":{"start":{"line":110,"column":45},"end":{"line":110,"column":65}},"20":{"start":{"line":111,"column":2},"end":{"line":112,"column":null}},"21":{"start":{"line":112,"column":4},"end":{"line":112,"column":null}},"22":{"start":{"line":115,"column":14},"end":{"line":115,"column":44}},"23":{"start":{"line":116,"column":13},"end":{"line":116,"column":38}},"24":{"start":{"line":117,"column":21},"end":{"line":117,"column":54}},"25":{"start":{"line":118,"column":18},"end":{"line":118,"column":81}},"26":{"start":{"line":120,"column":19},"end":{"line":120,"column":66}},"27":{"start":{"line":121,"column":2},"end":{"line":121,"column":null}},"28":{"start":{"line":123,"column":2},"end":{"line":123,"column":null}},"29":{"start":{"line":133,"column":2},"end":{"line":139,"column":null}},"30":{"start":{"line":134,"column":15},"end":{"line":134,"column":null}},"31":{"start":{"line":135,"column":4},"end":{"line":136,"column":null}},"32":{"start":{"line":135,"column":17},"end":{"line":135,"column":20}},"33":{"start":{"line":136,"column":6},"end":{"line":136,"column":null}},"34":{"start":{"line":138,"column":4},"end":{"line":138,"column":null}}},"fnMap":{"0":{"name":"generateOTP","decl":{"start":{"line":32,"column":16},"end":{"line":32,"column":28}},"loc":{"start":{"line":32,"column":52},"end":{"line":35,"column":null}},"line":32},"1":{"name":"hashValue","decl":{"start":{"line":44,"column":22},"end":{"line":44,"column":32}},"loc":{"start":{"line":44,"column":68},"end":{"line":45,"column":null}},"line":44},"2":{"name":"compareHash","decl":{"start":{"line":56,"column":22},"end":{"line":56,"column":null}},"loc":{"start":{"line":59,"column":20},"end":{"line":60,"column":null}},"line":59},"3":{"name":"deriveEncryptionKey","decl":{"start":{"line":70,"column":9},"end":{"line":70,"column":29}},"loc":{"start":{"line":70,"column":56},"end":{"line":77,"column":null}},"line":70},"4":{"name":"encryptSecret","decl":{"start":{"line":88,"column":16},"end":{"line":88,"column":30}},"loc":{"start":{"line":88,"column":76},"end":{"line":99,"column":null}},"line":88},"5":{"name":"decryptSecret","decl":{"start":{"line":109,"column":16},"end":{"line":109,"column":30}},"loc":{"start":{"line":109,"column":76},"end":{"line":123,"column":null}},"line":109},"6":{"name":"generateBackupCodes","decl":{"start":{"line":132,"column":16},"end":{"line":132,"column":48}},"loc":{"start":{"line":132,"column":48},"end":{"line":139,"column":null}},"line":132},"7":{"name":"(anonymous_7)","decl":{"start":{"line":133,"column":49},"end":{"line":133,"column":57}},"loc":{"start":{"line":133,"column":57},"end":{"line":139,"column":null}},"line":133}},"branchMap":{"0":{"loc":{"start":{"line":111,"column":2},"end":{"line":112,"column":null}},"type":"if","locations":[{"start":{"line":111,"column":2},"end":{"line":112,"column":null}},{"start":{},"end":{}}],"line":111},"1":{"loc":{"start":{"line":111,"column":6},"end":{"line":111,"column":47}},"type":"binary-expr","locations":[{"start":{"line":111,"column":6},"end":{"line":111,"column":16}},{"start":{"line":111,"column":16},"end":{"line":111,"column":34}},{"start":{"line":111,"column":34},"end":{"line":111,"column":47}}],"line":111}},"s":{"0":7,"1":7,"2":7,"3":7,"4":7,"5":7,"6":7,"7":27,"8":27,"9":27,"10":62,"11":15,"12":13,"13":9,"14":9,"15":9,"16":9,"17":9,"18":9,"19":4,"20":4,"21":0,"22":4,"23":4,"24":4,"25":4,"26":4,"27":4,"28":4,"29":7,"30":56,"31":56,"32":56,"33":448,"34":56},"f":{"0":27,"1":62,"2":15,"3":13,"4":9,"5":4,"6":7,"7":56},"b":{"0":[0,4],"1":[4,4,4]},"meta":{"lastBranch":2,"lastFunction":8,"lastStatement":35,"seen":{"s:5:20:5:Infinity":0,"s:8:22:8:Infinity":1,"s:11:28:11:Infinity":2,"s:14:23:14:Infinity":3,"s:17:28:17:Infinity":4,"s:20:27:20:Infinity":5,"s:23:26:23:Infinity":6,"f:32:16:32:28":0,"s:33:14:33:34":7,"s:34:15:34:39":8,"s:35:2:35:Infinity":9,"f:44:22:44:32":1,"s:45:2:45:Infinity":10,"f:56:22:56:Infinity":2,"s:60:2:60:Infinity":11,"f:70:9:70:29":3,"s:71:2:77:Infinity":12,"f:88:16:88:30":4,"s:89:14:89:44":13,"s:90:13:90:46":14,"s:91:17:91:62":15,"s:93:21:96:4":16,"s:98:18:98:37":17,"s:99:2:99:Infinity":18,"f:109:16:109:30":5,"s:110:45:110:65":19,"b:111:2:112:Infinity:undefined:undefined:undefined:undefined":0,"s:111:2:112:Infinity":20,"b:111:6:111:16:111:16:111:34:111:34:111:47":1,"s:112:4:112:Infinity":21,"s:115:14:115:44":22,"s:116:13:116:38":23,"s:117:21:117:54":24,"s:118:18:118:81":25,"s:120:19:120:66":26,"s:121:2:121:Infinity":27,"s:123:2:123:Infinity":28,"f:132:16:132:48":6,"s:133:2:139:Infinity":29,"f:133:49:133:57":7,"s:134:15:134:Infinity":30,"s:135:4:136:Infinity":31,"s:135:17:135:20":32,"s:136:6:136:Infinity":33,"s:138:4:138:Infinity":34}}}
,"C:\\Users\\prady\\Documents\\GitHub\\EasyAuth\\packages\\core\\src\\utils\\email.ts": {"path":"C:\\Users\\prady\\Documents\\GitHub\\EasyAuth\\packages\\core\\src\\utils\\email.ts","statementMap":{"0":{"start":{"line":5,"column":24},"end":{"line":5,"column":null}},"1":{"start":{"line":8,"column":31},"end":{"line":8,"column":null}},"2":{"start":{"line":15,"column":15},"end":{"line":21,"column":14}},"3":{"start":{"line":25,"column":19},"end":{"line":34,"column":null}},"4":{"start":{"line":26,"column":40},"end":{"line":32,"column":null}},"5":{"start":{"line":33,"column":4},"end":{"line":33,"column":null}},"6":{"start":{"line":36,"column":15},"end":{"line":41,"column":null}},"7":{"start":{"line":46,"column":2},"end":{"line":46,"column":null}},"8":{"start":{"line":61,"column":20},"end":{"line":69,"column":4}},"9":{"start":{"line":71,"column":21},"end":{"line":71,"column":null}},"10":{"start":{"line":72,"column":25},"end":{"line":72,"column":41}},"11":{"start":{"line":74,"column":2},"end":{"line":80,"column":null}}},"fnMap":{"0":{"name":"defaultTemplate","decl":{"start":{"line":14,"column":9},"end":{"line":14,"column":25}},"loc":{"start":{"line":14,"column":71},"end":{"line":46,"column":null}},"line":14},"1":{"name":"(anonymous_1)","decl":{"start":{"line":25,"column":32},"end":{"line":25,"column":45}},"loc":{"start":{"line":25,"column":51},"end":{"line":34,"column":null}},"line":25},"2":{"name":"sendOTPEmail","decl":{"start":{"line":56,"column":22},"end":{"line":56,"column":null}},"loc":{"start":{"line":60,"column":17},"end":{"line":80,"column":null}},"line":60}},"branchMap":{"0":{"loc":{"start":{"line":33,"column":11},"end":{"line":33,"column":null}},"type":"binary-expr","locations":[{"start":{"line":33,"column":11},"end":{"line":33,"column":21}},{"start":{"line":33,"column":21},"end":{"line":33,"column":null}}],"line":33},"1":{"loc":{"start":{"line":71,"column":21},"end":{"line":71,"column":null}},"type":"binary-expr","locations":[{"start":{"line":71,"column":21},"end":{"line":71,"column":49}},{"start":{"line":71,"column":49},"end":{"line":71,"column":null}}],"line":71},"2":{"loc":{"start":{"line":77,"column":13},"end":{"line":77,"column":null}},"type":"binary-expr","locations":[{"start":{"line":77,"column":13},"end":{"line":77,"column":38}},{"start":{"line":77,"column":38},"end":{"line":77,"column":null}}],"line":77}},"s":{"0":5,"1":5,"2":3,"3":3,"4":0,"5":0,"6":3,"7":3,"8":4,"9":4,"10":4,"11":4},"f":{"0":3,"1":0,"2":4},"b":{"0":[0,0],"1":[4,3],"2":[4,3]},"meta":{"lastBranch":3,"lastFunction":3,"lastStatement":12,"seen":{"s:5:24:5:Infinity":0,"s:8:31:8:Infinity":1,"f:14:9:14:25":0,"s:15:15:21:14":2,"s:25:19:34:Infinity":3,"f:25:32:25:45":1,"s:26:40:32:Infinity":4,"s:33:4:33:Infinity":5,"b:33:11:33:21:33:21:33:Infinity":0,"s:36:15:41:Infinity":6,"s:46:2:46:Infinity":7,"f:56:22:56:Infinity":2,"s:61:20:69:4":8,"s:71:21:71:Infinity":9,"b:71:21:71:49:71:49:71:Infinity":1,"s:72:25:72:41":10,"s:74:2:80:Infinity":11,"b:77:13:77:38:77:38:77:Infinity":2}}}
,"C:\\Users\\prady\\Documents\\GitHub\\EasyAuth\\packages\\core\\src\\utils\\errors.ts": {"path":"C:\\Users\\prady\\Documents\\GitHub\\EasyAuth\\packages\\core\\src\\utils\\errors.ts","statementMap":{"0":{"start":{"line":11,"column":4},"end":{"line":11,"column":null}},"1":{"start":{"line":8,"column":20},"end":{"line":8,"column":null}},"2":{"start":{"line":12,"column":4},"end":{"line":12,"column":null}},"3":{"start":{"line":14,"column":4},"end":{"line":15,"column":null}},"4":{"start":{"line":15,"column":6},"end":{"line":15,"column":null}}},"fnMap":{"0":{"name":"(anonymous_0)","decl":{"start":{"line":7,"column":2},"end":{"line":7,"column":null}},"loc":{"start":{"line":10,"column":4},"end":{"line":15,"column":null}},"line":10}},"branchMap":{"0":{"loc":{"start":{"line":14,"column":4},"end":{"line":15,"column":null}},"type":"if","locations":[{"start":{"line":14,"column":4},"end":{"line":15,"column":null}},{"start":{},"end":{}}],"line":14}},"s":{"0":26,"1":26,"2":26,"3":26,"4":26},"f":{"0":26},"b":{"0":[26,0]},"meta":{"lastBranch":1,"lastFunction":1,"lastStatement":5,"seen":{"f:7:2:7:Infinity":0,"s:11:4:11:Infinity":0,"s:8:20:8:Infinity":1,"s:12:4:12:Infinity":2,"b:14:4:15:Infinity:undefined:undefined:undefined:undefined":0,"s:14:4:15:Infinity":3,"s:15:6:15:Infinity":4}}}
,"C:\\Users\\prady\\Documents\\GitHub\\EasyAuth\\packages\\core\\src\\utils\\jwt.ts": {"path":"C:\\Users\\prady\\Documents\\GitHub\\EasyAuth\\packages\\core\\src\\utils\\jwt.ts","statementMap":{"0":{"start":{"line":6,"column":22},"end":{"line":6,"column":null}},"1":{"start":{"line":9,"column":27},"end":{"line":9,"column":null}},"2":{"start":{"line":32,"column":14},"end":{"line":32,"column":33}},"3":{"start":{"line":33,"column":2},"end":{"line":37,"column":null}},"4":{"start":{"line":51,"column":2},"end":{"line":60,"column":null}},"5":{"start":{"line":52,"column":20},"end":{"line":54,"column":6}},"6":{"start":{"line":55,"column":4},"end":{"line":55,"column":null}},"7":{"start":{"line":57,"column":4},"end":{"line":58,"column":null}},"8":{"start":{"line":58,"column":6},"end":{"line":58,"column":null}},"9":{"start":{"line":60,"column":4},"end":{"line":60,"column":null}}},"fnMap":{"0":{"name":"signToken","decl":{"start":{"line":27,"column":16},"end":{"line":27,"column":null}},"loc":{"start":{"line":31,"column":10},"end":{"line":37,"column":null}},"line":31},"1":{"name":"verifyToken","decl":{"start":{"line":50,"column":16},"end":{"line":50,"column":28}},"loc":{"start":{"line":50,"column":73},"end":{"line":60,"column":null}},"line":50}},"branchMap":{"0":{"loc":{"start":{"line":30,"column":2},"end":{"line":30,"column":null}},"type":"default-arg","locations":[{"start":{"line":30,"column":22},"end":{"line":30,"column":null}}],"line":30},"1":{"loc":{"start":{"line":57,"column":4},"end":{"line":58,"column":null}},"type":"if","locations":[{"start":{"line":57,"column":4},"end":{"line":58,"column":null}},{"start":{},"end":{}}],"line":57}},"s":{"0":5,"1":5,"2":8,"3":8,"4":5,"5":5,"6":5,"7":3,"8":1,"9":2},"f":{"0":8,"1":5},"b":{"0":[8],"1":[1,2]},"meta":{"lastBranch":2,"lastFunction":2,"lastStatement":10,"seen":{"s:6:22:6:Infinity":0,"s:9:27:9:Infinity":1,"f:27:16:27:Infinity":0,"b:30:22:30:Infinity":0,"s:32:14:32:33":2,"s:33:2:37:Infinity":3,"f:50:16:50:28":1,"s:51:2:60:Infinity":4,"s:52:20:54:6":5,"s:55:4:55:Infinity":6,"b:57:4:58:Infinity:undefined:undefined:undefined:undefined":1,"s:57:4:58:Infinity":7,"s:58:6:58:Infinity":8,"s:60:4:60:Infinity":9}}}
,"C:\\Users\\prady\\Documents\\GitHub\\EasyAuth\\packages\\core\\src\\utils\\logger.ts": {"path":"C:\\Users\\prady\\Documents\\GitHub\\EasyAuth\\packages\\core\\src\\utils\\logger.ts","statementMap":{"0":{"start":{"line":13,"column":34},"end":{"line":18,"column":null}},"1":{"start":{"line":14,"column":15},"end":{"line":14,"column":null}},"2":{"start":{"line":15,"column":14},"end":{"line":15,"column":null}},"3":{"start":{"line":16,"column":14},"end":{"line":16,"column":null}},"4":{"start":{"line":17,"column":15},"end":{"line":17,"column":null}}},"fnMap":{"0":{"name":"(anonymous_0)","decl":{"start":{"line":14,"column":2},"end":{"line":14,"column":15}},"loc":{"start":{"line":14,"column":15},"end":{"line":14,"column":null}},"line":14},"1":{"name":"(anonymous_1)","decl":{"start":{"line":15,"column":2},"end":{"line":15,"column":14}},"loc":{"start":{"line":15,"column":14},"end":{"line":15,"column":null}},"line":15},"2":{"name":"(anonymous_2)","decl":{"start":{"line":16,"column":2},"end":{"line":16,"column":14}},"loc":{"start":{"line":16,"column":14},"end":{"line":16,"column":null}},"line":16},"3":{"name":"(anonymous_3)","decl":{"start":{"line":17,"column":2},"end":{"line":17,"column":15}},"loc":{"start":{"line":17,"column":15},"end":{"line":17,"column":null}},"line":17}},"branchMap":{},"s":{"0":6,"1":1,"2":11,"3":1,"4":1},"f":{"0":1,"1":11,"2":1,"3":1},"b":{},"meta":{"lastBranch":0,"lastFunction":4,"lastStatement":5,"seen":{"s:13:34:18:Infinity":0,"f:14:2:14:15":0,"s:14:15:14:Infinity":1,"f:15:2:15:14":1,"s:15:14:15:Infinity":2,"f:16:2:16:14":2,"s:16:14:16:Infinity":3,"f:17:2:17:15":3,"s:17:15:17:Infinity":4}}}
,"C:\\Users\\prady\\Documents\\GitHub\\EasyAuth\\packages\\core\\src\\utils\\totp.ts": {"path":"C:\\Users\\prady\\Documents\\GitHub\\EasyAuth\\packages\\core\\src\\utils\\totp.ts","statementMap":{"0":{"start":{"line":7,"column":18},"end":{"line":7,"column":null}},"1":{"start":{"line":10,"column":20},"end":{"line":10,"column":null}},"2":{"start":{"line":13,"column":23},"end":{"line":13,"column":null}},"3":{"start":{"line":16,"column":20},"end":{"line":16,"column":null}},"4":{"start":{"line":19,"column":24},"end":{"line":19,"column":null}},"5":{"start":{"line":26,"column":16},"end":{"line":26,"column":38}},"6":{"start":{"line":27,"column":15},"end":{"line":27,"column":null}},"7":{"start":{"line":28,"column":15},"end":{"line":28,"column":null}},"8":{"start":{"line":29,"column":17},"end":{"line":29,"column":null}},"9":{"start":{"line":30,"column":2},"end":{"line":35,"column":null}},"10":{"start":{"line":31,"column":4},"end":{"line":31,"column":null}},"11":{"start":{"line":32,"column":4},"end":{"line":32,"column":null}},"12":{"start":{"line":33,"column":4},"end":{"line":35,"column":null}},"13":{"start":{"line":34,"column":6},"end":{"line":34,"column":null}},"14":{"start":{"line":35,"column":6},"end":{"line":35,"column":null}},"15":{"start":{"line":38,"column":2},"end":{"line":39,"column":null}},"16":{"start":{"line":39,"column":4},"end":{"line":39,"column":null}},"17":{"start":{"line":41,"column":2},"end":{"line":41,"column":null}},"18":{"start":{"line":49,"column":18},"end":{"line":49,"column":58}},"19":{"start":{"line":50,"column":26},"end":{"line":50,"column":28}},"20":{"start":{"line":51,"column":15},"end":{"line":51,"column":null}},"21":{"start":{"line":52,"column":17},"end":{"line":52,"column":null}},"22":{"start":{"line":53,"column":2},"end":{"line":60,"column":null}},"23":{"start":{"line":54,"column":16},"end":{"line":54,"column":45}},"24":{"start":{"line":55,"column":4},"end":{"line":55,"column":null}},"25":{"start":{"line":55,"column":20},"end":{"line":55,"column":null}},"26":{"start":{"line":56,"column":4},"end":{"line":56,"column":null}},"27":{"start":{"line":57,"column":4},"end":{"line":57,"column":null}},"28":{"start":{"line":58,"column":4},"end":{"line":60,"column":null}},"29":{"start":{"line":59,"column":6},"end":{"line":59,"column":null}},"30":{"start":{"line":60,"column":6},"end":{"line":60,"column":null}},"31":{"start":{"line":63,"column":2},"end":{"line":63,"column":null}},"32":{"start":{"line":74,"column":14},"end":{"line":74,"column":34}},"33":{"start":{"line":75,"column":21},"end":{"line":75,"column":36}},"34":{"start":{"line":76,"column":2},"end":{"line":76,"column":null}},"35":{"start":{"line":78,"column":15},"end":{"line":78,"column":81}},"36":{"start":{"line":81,"column":17},"end":{"line":81,"column":null}},"37":{"start":{"line":82,"column":8},"end":{"line":86,"column":null}},"38":{"start":{"line":88,"column":2},"end":{"line":88,"column":null}},"39":{"start":{"line":99,"column":25},"end":{"line":99,"column":66}},"40":{"start":{"line":100,"column":2},"end":{"line":107,"column":null}},"41":{"start":{"line":100,"column":19},"end":{"line":100,"column":33}},"42":{"start":{"line":101,"column":21},"end":{"line":101,"column":64}},"43":{"start":{"line":103,"column":24},"end":{"line":103,"column":53}},"44":{"start":{"line":104,"column":21},"end":{"line":104,"column":81}},"45":{"start":{"line":105,"column":4},"end":{"line":107,"column":null}},"46":{"start":{"line":107,"column":6},"end":{"line":107,"column":null}},"47":{"start":{"line":110,"column":2},"end":{"line":110,"column":null}},"48":{"start":{"line":126,"column":17},"end":{"line":132,"column":4}},"49":{"start":{"line":133,"column":16},"end":{"line":133,"column":56}},"50":{"start":{"line":134,"column":2},"end":{"line":134,"column":null}},"51":{"start":{"line":153,"column":25},"end":{"line":153,"column":58}},"52":{"start":{"line":154,"column":2},"end":{"line":155,"column":null}},"53":{"start":{"line":155,"column":4},"end":{"line":155,"column":null}},"54":{"start":{"line":158,"column":17},"end":{"line":158,"column":37}},"55":{"start":{"line":159,"column":8},"end":{"line":159,"column":52}},"56":{"start":{"line":160,"column":2},"end":{"line":160,"column":null}},"57":{"start":{"line":162,"column":8},"end":{"line":162,"column":48}},"58":{"start":{"line":163,"column":28},"end":{"line":163,"column":78}},"59":{"start":{"line":164,"column":2},"end":{"line":164,"column":null}},"60":{"start":{"line":166,"column":21},"end":{"line":166,"column":59}},"61":{"start":{"line":168,"column":2},"end":{"line":168,"column":null}},"62":{"start":{"line":188,"column":26},"end":{"line":188,"column":58}},"63":{"start":{"line":189,"column":2},"end":{"line":190,"column":null}},"64":{"start":{"line":190,"column":4},"end":{"line":190,"column":null}},"65":{"start":{"line":193,"column":8},"end":{"line":193,"column":58}},"66":{"start":{"line":194,"column":2},"end":{"line":195,"column":null}},"67":{"start":{"line":195,"column":4},"end":{"line":195,"column":null}},"68":{"start":{"line":198,"column":2},"end":{"line":198,"column":null}},"69":{"start":{"line":217,"column":18},"end":{"line":217,"column":51}},"70":{"start":{"line":218,"column":2},"end":{"line":219,"column":null}},"71":{"start":{"line":219,"column":4},"end":{"line":219,"column":null}},"72":{"start":{"line":222,"column":26},"end":{"line":222,"column":58}},"73":{"start":{"line":223,"column":2},"end":{"line":224,"column":null}},"74":{"start":{"line":224,"column":4},"end":{"line":224,"column":null}},"75":{"start":{"line":227,"column":8},"end":{"line":227,"column":58}},"76":{"start":{"line":230,"column":2},"end":{"line":231,"column":null}},"77":{"start":{"line":231,"column":4},"end":{"line":231,"column":null}},"78":{"start":{"line":235,"column":17},"end":{"line":235,"column":38}},"79":{"start":{"line":236,"column":19},"end":{"line":236,"column":63}},"80":{"start":{"line":237,"column":2},"end":{"line":238,"column":null}},"81":{"start":{"line":238,"column":4},"end":{"line":238,"column":null}},"82":{"start":{"line":241,"column":2},"end":{"line":241,"column":null}}},"fnMap":{"0":{"name":"generateTOTPSecret","decl":{"start":{"line":25,"column":16},"end":{"line":25,"column":45}},"loc":{"start":{"line":25,"column":45},"end":{"line":41,"column":null}},"line":25},"1":{"name":"base32Decode","decl":{"start":{"line":48,"column":9},"end":{"line":48,"column":22}},"loc":{"start":{"line":48,"column":47},"end":{"line":63,"column":null}},"line":48},"2":{"name":"computeTOTP","decl":{"start":{"line":73,"column":9},"end":{"line":73,"column":21}},"loc":{"start":{"line":73,"column":62},"end":{"line":88,"column":null}},"line":73},"3":{"name":"verifyTOTPCode","decl":{"start":{"line":98,"column":16},"end":{"line":98,"column":31}},"loc":{"start":{"line":98,"column":75},"end":{"line":110,"column":null}},"line":98},"4":{"name":"buildOTPAuthURI","decl":{"start":{"line":121,"column":16},"end":{"line":121,"column":null}},"loc":{"start":{"line":125,"column":10},"end":{"line":134,"column":null}},"line":125},"5":{"name":"enrollTOTP","decl":{"start":{"line":147,"column":22},"end":{"line":147,"column":null}},"loc":{"start":{"line":152,"column":74},"end":{"line":168,"column":null}},"line":152},"6":{"name":"confirmTOTP","decl":{"start":{"line":182,"column":22},"end":{"line":182,"column":null}},"loc":{"start":{"line":187,"column":17},"end":{"line":198,"column":null}},"line":187},"7":{"name":"verifyTOTP","decl":{"start":{"line":211,"column":22},"end":{"line":211,"column":null}},"loc":{"start":{"line":216,"column":17},"end":{"line":241,"column":null}},"line":216}},"branchMap":{"0":{"loc":{"start":{"line":38,"column":2},"end":{"line":39,"column":null}},"type":"if","locations":[{"start":{"line":38,"column":2},"end":{"line":39,"column":null}},{"start":{},"end":{}}],"line":38},"1":{"loc":{"start":{"line":55,"column":4},"end":{"line":55,"column":null}},"type":"if","locations":[{"start":{"line":55,"column":4},"end":{"line":55,"column":null}},{"start":{},"end":{}}],"line":55},"2":{"loc":{"start":{"line":58,"column":4},"end":{"line":60,"column":null}},"type":"if","locations":[{"start":{"line":58,"column":4},"end":{"line":60,"column":null}},{"start":{},"end":{}}],"line":58},"3":{"loc":{"start":{"line":105,"column":4},"end":{"line":107,"column":null}},"type":"if","locations":[{"start":{"line":105,"column":4},"end":{"line":107,"column":null}},{"start":{},"end":{}}],"line":105},"4":{"loc":{"start":{"line":105,"column":8},"end":{"line":106,"column":53}},"type":"binary-expr","locations":[{"start":{"line":105,"column":8},"end":{"line":105,"column":null}},{"start":{"line":106,"column":8},"end":{"line":106,"column":53}}],"line":105},"5":{"loc":{"start":{"line":154,"column":2},"end":{"line":155,"column":null}},"type":"if","locations":[{"start":{"line":154,"column":2},"end":{"line":155,"column":null}},{"start":{},"end":{}}],"line":154},"6":{"loc":{"start":{"line":189,"column":2},"end":{"line":190,"column":null}},"type":"if","locations":[{"start":{"line":189,"column":2},"end":{"line":190,"column":null}},{"start":{},"end":{}}],"line":189},"7":{"loc":{"start":{"line":194,"column":2},"end":{"line":195,"column":null}},"type":"if","locations":[{"start":{"line":194,"column":2},"end":{"line":195,"column":null}},{"start":{},"end":{}}],"line":194},"8":{"loc":{"start":{"line":218,"column":2},"end":{"line":219,"column":null}},"type":"if","locations":[{"start":{"line":218,"column":2},"end":{"line":219,"column":null}},{"start":{},"end":{}}],"line":218},"9":{"loc":{"start":{"line":223,"column":2},"end":{"line":224,"column":null}},"type":"if","locations":[{"start":{"line":223,"column":2},"end":{"line":224,"column":null}},{"start":{},"end":{}}],"line":223},"10":{"loc":{"start":{"line":230,"column":2},"end":{"line":231,"column":null}},"type":"if","locations":[{"start":{"line":230,"column":2},"end":{"line":231,"column":null}},{"start":{},"end":{}}],"line":230},"11":{"loc":{"start":{"line":237,"column":2},"end":{"line":238,"column":null}},"type":"if","locations":[{"start":{"line":237,"column":2},"end":{"line":238,"column":null}},{"start":{},"end":{}}],"line":237}},"s":{"0":5,"1":5,"2":5,"3":5,"4":5,"5":5,"6":5,"7":5,"8":5,"9":5,"10":100,"11":100,"12":100,"13":160,"14":160,"15":5,"16":0,"17":5,"18":6,"19":6,"20":6,"21":6,"22":6,"23":192,"24":192,"25":0,"26":192,"27":192,"28":192,"29":120,"30":120,"31":6,"32":6,"33":6,"34":6,"35":6,"36":6,"37":6,"38":6,"39":2,"40":2,"41":2,"42":6,"43":6,"44":6,"45":6,"46":0,"47":2,"48":5,"49":5,"50":5,"51":6,"52":6,"53":1,"54":5,"55":5,"56":5,"57":5,"58":5,"59":5,"60":5,"61":5,"62":2,"63":2,"64":1,"65":1,"66":1,"67":1,"68":0,"69":2,"70":2,"71":1,"72":1,"73":1,"74":0,"75":1,"76":1,"77":0,"78":1,"79":1,"80":1,"81":0,"82":1},"f":{"0":5,"1":6,"2":6,"3":2,"4":5,"5":6,"6":2,"7":2},"b":{"0":[0,5],"1":[0,192],"2":[120,72],"3":[0,6],"4":[6,6],"5":[1,5],"6":[1,1],"7":[1,0],"8":[1,1],"9":[0,1],"10":[0,1],"11":[0,1]},"meta":{"lastBranch":12,"lastFunction":8,"lastStatement":83,"seen":{"s:7:18:7:Infinity":0,"s:10:20:10:Infinity":1,"s:13:23:13:Infinity":2,"s:16:20:16:Infinity":3,"s:19:24:19:Infinity":4,"f:25:16:25:45":0,"s:26:16:26:38":5,"s:27:15:27:Infinity":6,"s:28:15:28:Infinity":7,"s:29:17:29:Infinity":8,"s:30:2:35:Infinity":9,"s:31:4:31:Infinity":10,"s:32:4:32:Infinity":11,"s:33:4:35:Infinity":12,"s:34:6:34:Infinity":13,"s:35:6:35:Infinity":14,"b:38:2:39:Infinity:undefined:undefined:undefined:undefined":0,"s:38:2:39:Infinity":15,"s:39:4:39:Infinity":16,"s:41:2:41:Infinity":17,"f:48:9:48:22":1,"s:49:18:49:58":18,"s:50:26:50:28":19,"s:51:15:51:Infinity":20,"s:52:17:52:Infinity":21,"s:53:2:60:Infinity":22,"s:54:16:54:45":23,"b:55:4:55:Infinity:undefined:undefined:undefined:undefined":1,"s:55:4:55:Infinity":24,"s:55:20:55:Infinity":25,"s:56:4:56:Infinity":26,"s:57:4:57:Infinity":27,"b:58:4:60:Infinity:undefined:undefined:undefined:undefined":2,"s:58:4:60:Infinity":28,"s:59:6:59:Infinity":29,"s:60:6:60:Infinity":30,"s:63:2:63:Infinity":31,"f:73:9:73:21":2,"s:74:14:74:34":32,"s:75:21:75:36":33,"s:76:2:76:Infinity":34,"s:78:15:78:81":35,"s:81:17:81:Infinity":36,"s:82:8:86:Infinity":37,"s:88:2:88:Infinity":38,"f:98:16:98:31":3,"s:99:25:99:66":39,"s:100:2:107:Infinity":40,"s:100:19:100:33":41,"s:101:21:101:64":42,"s:103:24:103:53":43,"s:104:21:104:81":44,"b:105:4:107:Infinity:undefined:undefined:undefined:undefined":3,"s:105:4:107:Infinity":45,"b:105:8:105:Infinity:106:8:106:53":4,"s:107:6:107:Infinity":46,"s:110:2:110:Infinity":47,"f:121:16:121:Infinity":4,"s:126:17:132:4":48,"s:133:16:133:56":49,"s:134:2:134:Infinity":50,"f:147:22:147:Infinity":5,"s:153:25:153:58":51,"b:154:2:155:Infinity:undefined:undefined:undefined:undefined":5,"s:154:2:155:Infinity":52,"s:155:4:155:Infinity":53,"s:158:17:158:37":54,"s:159:8:159:52":55,"s:160:2:160:Infinity":56,"s:162:8:162:48":57,"s:163:28:163:78":58,"s:164:2:164:Infinity":59,"s:166:21:166:59":60,"s:168:2:168:Infinity":61,"f:182:22:182:Infinity":6,"s:188:26:188:58":62,"b:189:2:190:Infinity:undefined:undefined:undefined:undefined":6,"s:189:2:190:Infinity":63,"s:190:4:190:Infinity":64,"s:193:8:193:58":65,"b:194:2:195:Infinity:undefined:undefined:undefined:undefined":7,"s:194:2:195:Infinity":66,"s:195:4:195:Infinity":67,"s:198:2:198:Infinity":68,"f:211:22:211:Infinity":7,"s:217:18:217:51":69,"b:218:2:219:Infinity:undefined:undefined:undefined:undefined":8,"s:218:2:219:Infinity":70,"s:219:4:219:Infinity":71,"s:222:26:222:58":72,"b:223:2:224:Infinity:undefined:undefined:undefined:undefined":9,"s:223:2:224:Infinity":73,"s:224:4:224:Infinity":74,"s:227:8:227:58":75,"b:230:2:231:Infinity:undefined:undefined:undefined:undefined":10,"s:230:2:231:Infinity":76,"s:231:4:231:Infinity":77,"s:235:17:235:38":78,"s:236:19:236:63":79,"b:237:2:238:Infinity:undefined:undefined:undefined:undefined":11,"s:237:2:238:Infinity":80,"s:238:4:238:Infinity":81,"s:241:2:241:Infinity":82}}}
,"C:\\Users\\prady\\Documents\\GitHub\\EasyAuth\\packages\\core\\src\\utils\\validate.ts": {"path":"C:\\Users\\prady\\Documents\\GitHub\\EasyAuth\\packages\\core\\src\\utils\\validate.ts","statementMap":{"0":{"start":{"line":7,"column":20},"end":{"line":7,"column":null}},"1":{"start":{"line":15,"column":2},"end":{"line":15,"column":null}}},"fnMap":{"0":{"name":"isValidEmail","decl":{"start":{"line":14,"column":16},"end":{"line":14,"column":29}},"loc":{"start":{"line":14,"column":53},"end":{"line":15,"column":null}},"line":14}},"branchMap":{"0":{"loc":{"start":{"line":15,"column":9},"end":{"line":15,"column":68}},"type":"binary-expr","locations":[{"start":{"line":15,"column":9},"end":{"line":15,"column":38}},{"start":{"line":15,"column":38},"end":{"line":15,"column":68}}],"line":15}},"s":{"0":6,"1":30},"f":{"0":30},"b":{"0":[30,30]},"meta":{"lastBranch":1,"lastFunction":1,"lastStatement":2,"seen":{"s:7:20:7:Infinity":0,"f:14:16:14:29":0,"s:15:2:15:Infinity":1,"b:15:9:15:38:15:38:15:68":0}}}
}
