<?xml version="1.0" encoding="UTF-8"?>
<coverage generated="1774685340498" clover="3.2.0">
  <project timestamp="1774685340498" name="All files">
    <metrics statements="118" coveredstatements="108" conditionals="90" coveredconditionals="68" methods="23" coveredmethods="23" elements="231" coveredelements="199" complexity="0" loc="118" ncloc="118" packages="1" files="2" classes="2"/>
    <file name="AuthModal.tsx" path="C:\Users\prady\Documents\GitHub\EasyAuth\packages\react\src\AuthModal.tsx">
      <metrics statements="115" coveredstatements="105" conditionals="88" coveredconditionals="66" methods="22" coveredmethods="22"/>
      <line num="39" count="1" type="stmt"/>
      <line num="43" count="1" type="stmt"/>
      <line num="57" count="220" type="stmt"/>
      <line num="59" count="220" type="stmt"/>
      <line num="60" count="220" type="stmt"/>
      <line num="61" count="220" type="stmt"/>
      <line num="62" count="220" type="stmt"/>
      <line num="63" count="220" type="stmt"/>
      <line num="64" count="220" type="stmt"/>
      <line num="65" count="220" type="stmt"/>
      <line num="66" count="220" type="stmt"/>
      <line num="68" count="220" type="stmt"/>
      <line num="69" count="220" type="stmt"/>
      <line num="70" count="220" type="stmt"/>
      <line num="73" count="220" type="stmt"/>
      <line num="74" count="24" type="cond" truecount="2" falsecount="0"/>
      <line num="75" count="10" type="stmt"/>
      <line num="79" count="220" type="stmt"/>
      <line num="80" count="13" type="stmt"/>
      <line num="81" count="179" type="cond" truecount="2" falsecount="2"/>
      <line num="82" count="0" type="stmt"/>
      <line num="85" count="0" type="stmt"/>
      <line num="86" count="0" type="stmt"/>
      <line num="87" count="0" type="cond" truecount="0" falsecount="4"/>
      <line num="88" count="0" type="stmt"/>
      <line num="89" count="0" type="stmt"/>
      <line num="90" count="0" type="cond" truecount="0" falsecount="4"/>
      <line num="91" count="0" type="stmt"/>
      <line num="92" count="0" type="stmt"/>
      <line num="95" count="13" type="stmt"/>
      <line num="96" count="13" type="stmt"/>
      <line num="100" count="220" type="stmt"/>
      <line num="101" count="13" type="stmt"/>
      <line num="102" count="179" type="cond" truecount="2" falsecount="0"/>
      <line num="104" count="13" type="stmt"/>
      <line num="105" count="13" type="stmt"/>
      <line num="108" count="220" type="stmt"/>
      <line num="110" count="14" type="stmt"/>
      <line num="115" count="14" type="stmt"/>
      <line num="116" count="13" type="cond" truecount="2" falsecount="0"/>
      <line num="118" count="2" type="cond" truecount="1" falsecount="1"/>
      <line num="119" count="2" type="stmt"/>
      <line num="121" count="11" type="stmt"/>
      <line num="126" count="220" type="stmt"/>
      <line num="127" count="9" type="stmt"/>
      <line num="128" count="9" type="stmt"/>
      <line num="129" count="9" type="stmt"/>
      <line num="130" count="9" type="stmt"/>
      <line num="131" count="9" type="stmt"/>
      <line num="132" count="8" type="stmt"/>
      <line num="133" count="8" type="stmt"/>
      <line num="135" count="1" type="cond" truecount="1" falsecount="1"/>
      <line num="137" count="9" type="stmt"/>
      <line num="141" count="220" type="stmt"/>
      <line num="142" count="4" type="stmt"/>
      <line num="143" count="4" type="stmt"/>
      <line num="144" count="4" type="cond" truecount="1" falsecount="1"/>
      <line num="145" count="4" type="stmt"/>
      <line num="146" count="4" type="stmt"/>
      <line num="147" count="4" type="stmt"/>
      <line num="148" count="4" type="stmt"/>
      <line num="149" count="3" type="stmt"/>
      <line num="150" count="3" type="stmt"/>
      <line num="151" count="3" type="stmt"/>
      <line num="154" count="3" type="cond" truecount="4" falsecount="0"/>
      <line num="155" count="2" type="stmt"/>
      <line num="156" count="2" type="stmt"/>
      <line num="157" count="2" type="stmt"/>
      <line num="158" count="2" type="stmt"/>
      <line num="159" count="2" type="stmt"/>
      <line num="161" count="1" type="stmt"/>
      <line num="164" count="1" type="cond" truecount="1" falsecount="1"/>
      <line num="166" count="4" type="stmt"/>
      <line num="170" count="220" type="stmt"/>
      <line num="171" count="1" type="stmt"/>
      <line num="172" count="1" type="stmt"/>
      <line num="173" count="1" type="cond" truecount="1" falsecount="1"/>
      <line num="174" count="1" type="stmt"/>
      <line num="175" count="1" type="stmt"/>
      <line num="176" count="1" type="stmt"/>
      <line num="177" count="1" type="stmt"/>
      <line num="178" count="0" type="cond" truecount="0" falsecount="2"/>
      <line num="179" count="1" type="cond" truecount="1" falsecount="1"/>
      <line num="180" count="1" type="stmt"/>
      <line num="182" count="1" type="cond" truecount="1" falsecount="1"/>
      <line num="184" count="1" type="stmt"/>
      <line num="188" count="220" type="stmt"/>
      <line num="189" count="33" type="stmt"/>
      <line num="190" count="33" type="stmt"/>
      <line num="191" count="33" type="stmt"/>
      <line num="192" count="33" type="stmt"/>
      <line num="193" count="33" type="cond" truecount="4" falsecount="0"/>
      <line num="194" count="27" type="stmt"/>
      <line num="198" count="220" type="stmt"/>
      <line num="199" count="34" type="cond" truecount="5" falsecount="0"/>
      <line num="200" count="1" type="stmt"/>
      <line num="204" count="220" type="stmt"/>
      <line num="205" count="1" type="stmt"/>
      <line num="206" count="1" type="stmt"/>
      <line num="207" count="1" type="stmt"/>
      <line num="208" count="6" type="cond" truecount="1" falsecount="1"/>
      <line num="209" count="1" type="stmt"/>
      <line num="210" count="1" type="stmt"/>
      <line num="211" count="1" type="stmt"/>
      <line num="215" count="220" type="cond" truecount="2" falsecount="2"/>
      <line num="217" count="220" type="stmt"/>
      <line num="224" count="58" type="cond" truecount="2" falsecount="0"/>
      <line num="265" count="144" type="stmt"/>
      <line num="303" count="312" type="stmt"/>
      <line num="306" count="624" type="stmt"/>
      <line num="313" count="33" type="stmt"/>
      <line num="314" count="34" type="stmt"/>
      <line num="341" count="1" type="stmt"/>
      <line num="342" count="1" type="stmt"/>
      <line num="343" count="1" type="stmt"/>
    </file>
    <file name="types.ts" path="C:\Users\prady\Documents\GitHub\EasyAuth\packages\react\src\types.ts">
      <metrics statements="3" coveredstatements="3" conditionals="2" coveredconditionals="2" methods="1" coveredmethods="1"/>
      <line num="17" count="1" type="stmt"/>
      <line num="33" count="1" type="stmt"/>
      <line num="50" count="3" type="cond" truecount="2" falsecount="0"/>
    </file>
  </project>
</coverage>
