{"C:\\Users\\prady\\Documents\\GitHub\\EasyAuth\\packages\\react\\src\\AuthModal.tsx": {"path":"C:\\Users\\prady\\Documents\\GitHub\\EasyAuth\\packages\\react\\src\\AuthModal.tsx","statementMap":{"0":{"start":{"line":39,"column":20},"end":{"line":39,"column":null}},"1":{"start":{"line":43,"column":2},"end":{"line":43,"column":null}},"2":{"start":{"line":57,"column":17},"end":{"line":57,"column":null}},"3":{"start":{"line":59,"column":15},"end":{"line":59,"column":49}},"4":{"start":{"line":60,"column":16},"end":{"line":60,"column":40}},"5":{"start":{"line":61,"column":17},"end":{"line":61,"column":77}},"6":{"start":{"line":62,"column":16},"end":{"line":62,"column":57}},"7":{"start":{"line":63,"column":18},"end":{"line":63,"column":47}},"8":{"start":{"line":64,"column":23},"end":{"line":64,"column":71}},"9":{"start":{"line":65,"column":22},"end":{"line":65,"column":74}},"10":{"start":{"line":66,"column":27},"end":{"line":66,"column":65}},"11":{"start":{"line":68,"column":8},"end":{"line":68,"column":49}},"12":{"start":{"line":69,"column":8},"end":{"line":69,"column":59}},"13":{"start":{"line":70,"column":8},"end":{"line":70,"column":47}},"14":{"start":{"line":73,"column":2},"end":{"line":76,"column":null}},"15":{"start":{"line":74,"column":4},"end":{"line":75,"column":null}},"16":{"start":{"line":74,"column":26},"end":{"line":74,"column":null}},"17":{"start":{"line":75,"column":9},"end":{"line":75,"column":null}},"18":{"start":{"line":79,"column":2},"end":{"line":97,"column":null}},"19":{"start":{"line":80,"column":10},"end":{"line":92,"column":null}},"20":{"start":{"line":81,"column":6},"end":{"line":81,"column":null}},"21":{"start":{"line":81,"column":48},"end":{"line":81,"column":null}},"22":{"start":{"line":82,"column":24},"end":{"line":83,"column":null}},"23":{"start":{"line":85,"column":20},"end":{"line":85,"column":null}},"24":{"start":{"line":86,"column":19},"end":{"line":86,"column":null}},"25":{"start":{"line":87,"column":6},"end":{"line":92,"column":null}},"26":{"start":{"line":88,"column":8},"end":{"line":88,"column":null}},"27":{"start":{"line":89,"column":8},"end":{"line":89,"column":null}},"28":{"start":{"line":90,"column":17},"end":{"line":92,"column":null}},"29":{"start":{"line":91,"column":8},"end":{"line":91,"column":null}},"30":{"start":{"line":92,"column":8},"end":{"line":92,"column":null}},"31":{"start":{"line":95,"column":4},"end":{"line":95,"column":null}},"32":{"start":{"line":96,"column":4},"end":{"line":96,"column":null}},"33":{"start":{"line":96,"column":17},"end":{"line":96,"column":65}},"34":{"start":{"line":100,"column":2},"end":{"line":106,"column":null}},"35":{"start":{"line":101,"column":10},"end":{"line":102,"column":null}},"36":{"start":{"line":102,"column":6},"end":{"line":102,"column":null}},"37":{"start":{"line":102,"column":30},"end":{"line":102,"column":null}},"38":{"start":{"line":104,"column":4},"end":{"line":104,"column":null}},"39":{"start":{"line":105,"column":4},"end":{"line":105,"column":null}},"40":{"start":{"line":105,"column":17},"end":{"line":105,"column":65}},"41":{"start":{"line":108,"column":8},"end":{"line":123,"column":null}},"42":{"start":{"line":110,"column":18},"end":{"line":114,"column":8}},"43":{"start":{"line":115,"column":20},"end":{"line":115,"column":36}},"44":{"start":{"line":116,"column":6},"end":{"line":119,"column":null}},"45":{"start":{"line":118,"column":10},"end":{"line":118,"column":null}},"46":{"start":{"line":119,"column":8},"end":{"line":119,"column":null}},"47":{"start":{"line":121,"column":6},"end":{"line":121,"column":null}},"48":{"start":{"line":126,"column":24},"end":{"line":137,"column":null}},"49":{"start":{"line":127,"column":4},"end":{"line":127,"column":null}},"50":{"start":{"line":128,"column":4},"end":{"line":128,"column":null}},"51":{"start":{"line":129,"column":4},"end":{"line":129,"column":null}},"52":{"start":{"line":130,"column":4},"end":{"line":137,"column":null}},"53":{"start":{"line":131,"column":6},"end":{"line":131,"column":null}},"54":{"start":{"line":132,"column":6},"end":{"line":132,"column":null}},"55":{"start":{"line":133,"column":6},"end":{"line":133,"column":null}},"56":{"start":{"line":135,"column":6},"end":{"line":135,"column":null}},"57":{"start":{"line":137,"column":6},"end":{"line":137,"column":null}},"58":{"start":{"line":141,"column":26},"end":{"line":166,"column":null}},"59":{"start":{"line":142,"column":4},"end":{"line":142,"column":null}},"60":{"start":{"line":143,"column":17},"end":{"line":143,"column":32}},"61":{"start":{"line":144,"column":4},"end":{"line":144,"column":null}},"62":{"start":{"line":144,"column":35},"end":{"line":144,"column":null}},"63":{"start":{"line":145,"column":4},"end":{"line":145,"column":null}},"64":{"start":{"line":146,"column":4},"end":{"line":146,"column":null}},"65":{"start":{"line":147,"column":4},"end":{"line":166,"column":null}},"66":{"start":{"line":148,"column":19},"end":{"line":148,"column":61}},"67":{"start":{"line":149,"column":20},"end":{"line":149,"column":null}},"68":{"start":{"line":150,"column":19},"end":{"line":150,"column":null}},"69":{"start":{"line":151,"column":24},"end":{"line":151,"column":null}},"70":{"start":{"line":154,"column":6},"end":{"line":161,"column":null}},"71":{"start":{"line":155,"column":8},"end":{"line":155,"column":null}},"72":{"start":{"line":156,"column":8},"end":{"line":156,"column":null}},"73":{"start":{"line":157,"column":8},"end":{"line":157,"column":null}},"74":{"start":{"line":158,"column":8},"end":{"line":158,"column":null}},"75":{"start":{"line":159,"column":8},"end":{"line":159,"column":null}},"76":{"start":{"line":161,"column":8},"end":{"line":161,"column":null}},"77":{"start":{"line":164,"column":6},"end":{"line":164,"column":null}},"78":{"start":{"line":166,"column":6},"end":{"line":166,"column":null}},"79":{"start":{"line":170,"column":26},"end":{"line":184,"column":null}},"80":{"start":{"line":171,"column":4},"end":{"line":171,"column":null}},"81":{"start":{"line":172,"column":17},"end":{"line":172,"column":32}},"82":{"start":{"line":173,"column":4},"end":{"line":173,"column":null}},"83":{"start":{"line":173,"column":35},"end":{"line":173,"column":null}},"84":{"start":{"line":174,"column":4},"end":{"line":174,"column":null}},"85":{"start":{"line":175,"column":4},"end":{"line":175,"column":null}},"86":{"start":{"line":176,"column":4},"end":{"line":184,"column":null}},"87":{"start":{"line":177,"column":19},"end":{"line":177,"column":61}},"88":{"start":{"line":178,"column":21},"end":{"line":178,"column":null}},"89":{"start":{"line":179,"column":20},"end":{"line":179,"column":null}},"90":{"start":{"line":180,"column":6},"end":{"line":180,"column":null}},"91":{"start":{"line":182,"column":6},"end":{"line":182,"column":null}},"92":{"start":{"line":184,"column":6},"end":{"line":184,"column":null}},"93":{"start":{"line":188,"column":8},"end":{"line":194,"column":null}},"94":{"start":{"line":189,"column":20},"end":{"line":189,"column":54}},"95":{"start":{"line":190,"column":17},"end":{"line":190,"column":28}},"96":{"start":{"line":191,"column":4},"end":{"line":191,"column":null}},"97":{"start":{"line":192,"column":4},"end":{"line":192,"column":null}},"98":{"start":{"line":193,"column":4},"end":{"line":194,"column":null}},"99":{"start":{"line":194,"column":6},"end":{"line":194,"column":null}},"100":{"start":{"line":198,"column":8},"end":{"line":200,"column":null}},"101":{"start":{"line":199,"column":4},"end":{"line":200,"column":null}},"102":{"start":{"line":200,"column":6},"end":{"line":200,"column":null}},"103":{"start":{"line":204,"column":8},"end":{"line":211,"column":null}},"104":{"start":{"line":205,"column":4},"end":{"line":205,"column":null}},"105":{"start":{"line":206,"column":19},"end":{"line":206,"column":91}},"106":{"start":{"line":207,"column":17},"end":{"line":207,"column":44}},"107":{"start":{"line":208,"column":4},"end":{"line":208,"column":null}},"108":{"start":{"line":208,"column":17},"end":{"line":208,"column":20}},"109":{"start":{"line":208,"column":44},"end":{"line":208,"column":null}},"110":{"start":{"line":209,"column":4},"end":{"line":209,"column":null}},"111":{"start":{"line":210,"column":23},"end":{"line":210,"column":63}},"112":{"start":{"line":211,"column":4},"end":{"line":211,"column":null}},"113":{"start":{"line":215,"column":4},"end":{"line":215,"column":null}},"114":{"start":{"line":217,"column":2},"end":{"line":352,"column":null}},"115":{"start":{"line":224,"column":8},"end":{"line":224,"column":null}},"116":{"start":{"line":224,"column":42},"end":{"line":224,"column":null}},"117":{"start":{"line":265,"column":62},"end":{"line":265,"column":86}},"118":{"start":{"line":303,"column":18},"end":{"line":317,"column":null}},"119":{"start":{"line":306,"column":35},"end":{"line":306,"column":null}},"120":{"start":{"line":313,"column":37},"end":{"line":313,"column":73}},"121":{"start":{"line":314,"column":38},"end":{"line":314,"column":62}},"122":{"start":{"line":341,"column":16},"end":{"line":341,"column":null}},"123":{"start":{"line":342,"column":16},"end":{"line":342,"column":null}},"124":{"start":{"line":343,"column":16},"end":{"line":343,"column":null}}},"fnMap":{"0":{"name":"AuthModal","decl":{"start":{"line":49,"column":16},"end":{"line":49,"column":26}},"loc":{"start":{"line":56,"column":19},"end":{"line":352,"column":null}},"line":56},"1":{"name":"(anonymous_1)","decl":{"start":{"line":73,"column":2},"end":{"line":73,"column":18}},"loc":{"start":{"line":73,"column":18},"end":{"line":76,"column":6}},"line":73},"2":{"name":"(anonymous_2)","decl":{"start":{"line":79,"column":2},"end":{"line":79,"column":18}},"loc":{"start":{"line":79,"column":18},"end":{"line":97,"column":7}},"line":79},"3":{"name":"(anonymous_3)","decl":{"start":{"line":80,"column":10},"end":{"line":80,"column":21}},"loc":{"start":{"line":80,"column":53},"end":{"line":92,"column":null}},"line":80},"4":{"name":"(anonymous_4)","decl":{"start":{"line":96,"column":4},"end":{"line":96,"column":17}},"loc":{"start":{"line":96,"column":17},"end":{"line":96,"column":65}},"line":96},"5":{"name":"(anonymous_5)","decl":{"start":{"line":100,"column":2},"end":{"line":100,"column":18}},"loc":{"start":{"line":100,"column":18},"end":{"line":106,"column":6}},"line":100},"6":{"name":"(anonymous_6)","decl":{"start":{"line":101,"column":10},"end":{"line":101,"column":21}},"loc":{"start":{"line":101,"column":53},"end":{"line":102,"column":null}},"line":101},"7":{"name":"(anonymous_7)","decl":{"start":{"line":105,"column":4},"end":{"line":105,"column":17}},"loc":{"start":{"line":105,"column":17},"end":{"line":105,"column":65}},"line":105},"8":{"name":"(anonymous_8)","decl":{"start":{"line":109,"column":4},"end":{"line":109,"column":11}},"loc":{"start":{"line":109,"column":58},"end":{"line":123,"column":5}},"line":109},"9":{"name":"(anonymous_9)","decl":{"start":{"line":126,"column":24},"end":{"line":126,"column":31}},"loc":{"start":{"line":126,"column":54},"end":{"line":137,"column":null}},"line":126},"10":{"name":"(anonymous_10)","decl":{"start":{"line":141,"column":26},"end":{"line":141,"column":33}},"loc":{"start":{"line":141,"column":56},"end":{"line":166,"column":null}},"line":141},"11":{"name":"(anonymous_11)","decl":{"start":{"line":170,"column":26},"end":{"line":170,"column":33}},"loc":{"start":{"line":170,"column":56},"end":{"line":184,"column":null}},"line":170},"12":{"name":"(anonymous_12)","decl":{"start":{"line":188,"column":8},"end":{"line":188,"column":29}},"loc":{"start":{"line":188,"column":62},"end":{"line":194,"column":null}},"line":188},"13":{"name":"(anonymous_13)","decl":{"start":{"line":198,"column":8},"end":{"line":198,"column":30}},"loc":{"start":{"line":198,"column":84},"end":{"line":200,"column":null}},"line":198},"14":{"name":"(anonymous_14)","decl":{"start":{"line":204,"column":8},"end":{"line":204,"column":23}},"loc":{"start":{"line":204,"column":63},"end":{"line":211,"column":null}},"line":204},"15":{"name":"(anonymous_15)","decl":{"start":{"line":223,"column":6},"end":{"line":223,"column":16}},"loc":{"start":{"line":223,"column":22},"end":{"line":224,"column":null}},"line":223},"16":{"name":"(anonymous_16)","decl":{"start":{"line":265,"column":14},"end":{"line":265,"column":25}},"loc":{"start":{"line":265,"column":62},"end":{"line":265,"column":86}},"line":265},"17":{"name":"(anonymous_17)","decl":{"start":{"line":302,"column":24},"end":{"line":302,"column":29}},"loc":{"start":{"line":303,"column":18},"end":{"line":317,"column":null}},"line":303},"18":{"name":"(anonymous_18)","decl":{"start":{"line":306,"column":20},"end":{"line":306,"column":26}},"loc":{"start":{"line":306,"column":33},"end":{"line":306,"column":null}},"line":306},"19":{"name":"(anonymous_19)","decl":{"start":{"line":313,"column":20},"end":{"line":313,"column":31}},"loc":{"start":{"line":313,"column":37},"end":{"line":313,"column":73}},"line":313},"20":{"name":"(anonymous_20)","decl":{"start":{"line":314,"column":20},"end":{"line":314,"column":32}},"loc":{"start":{"line":314,"column":38},"end":{"line":314,"column":62}},"line":314},"21":{"name":"(anonymous_21)","decl":{"start":{"line":340,"column":14},"end":{"line":340,"column":29}},"loc":{"start":{"line":340,"column":29},"end":{"line":343,"column":null}},"line":340}},"branchMap":{"0":{"loc":{"start":{"line":53,"column":2},"end":{"line":53,"column":null}},"type":"default-arg","locations":[{"start":{"line":53,"column":14},"end":{"line":53,"column":null}}],"line":53},"1":{"loc":{"start":{"line":55,"column":2},"end":{"line":55,"column":null}},"type":"default-arg","locations":[{"start":{"line":55,"column":10},"end":{"line":55,"column":null}}],"line":55},"2":{"loc":{"start":{"line":74,"column":4},"end":{"line":75,"column":null}},"type":"if","locations":[{"start":{"line":74,"column":4},"end":{"line":75,"column":null}},{"start":{"line":75,"column":9},"end":{"line":75,"column":null}}],"line":74},"3":{"loc":{"start":{"line":81,"column":6},"end":{"line":81,"column":null}},"type":"if","locations":[{"start":{"line":81,"column":6},"end":{"line":81,"column":null}},{"start":{},"end":{}}],"line":81},"4":{"loc":{"start":{"line":81,"column":10},"end":{"line":81,"column":48}},"type":"binary-expr","locations":[{"start":{"line":81,"column":10},"end":{"line":81,"column":29}},{"start":{"line":81,"column":29},"end":{"line":81,"column":48}}],"line":81},"5":{"loc":{"start":{"line":87,"column":6},"end":{"line":92,"column":null}},"type":"if","locations":[{"start":{"line":87,"column":6},"end":{"line":92,"column":null}},{"start":{"line":90,"column":17},"end":{"line":92,"column":null}}],"line":87},"6":{"loc":{"start":{"line":87,"column":10},"end":{"line":87,"column":58}},"type":"binary-expr","locations":[{"start":{"line":87,"column":10},"end":{"line":87,"column":24}},{"start":{"line":87,"column":24},"end":{"line":87,"column":58}}],"line":87},"7":{"loc":{"start":{"line":90,"column":17},"end":{"line":92,"column":null}},"type":"if","locations":[{"start":{"line":90,"column":17},"end":{"line":92,"column":null}},{"start":{},"end":{}}],"line":90},"8":{"loc":{"start":{"line":90,"column":17},"end":{"line":90,"column":65}},"type":"binary-expr","locations":[{"start":{"line":90,"column":17},"end":{"line":90,"column":32}},{"start":{"line":90,"column":32},"end":{"line":90,"column":65}}],"line":90},"9":{"loc":{"start":{"line":102,"column":6},"end":{"line":102,"column":null}},"type":"if","locations":[{"start":{"line":102,"column":6},"end":{"line":102,"column":null}},{"start":{},"end":{}}],"line":102},"10":{"loc":{"start":{"line":116,"column":6},"end":{"line":119,"column":null}},"type":"if","locations":[{"start":{"line":116,"column":6},"end":{"line":119,"column":null}},{"start":{},"end":{}}],"line":116},"11":{"loc":{"start":{"line":118,"column":10},"end":{"line":118,"column":null}},"type":"cond-expr","locations":[{"start":{"line":118,"column":46},"end":{"line":118,"column":62}},{"start":{"line":118,"column":62},"end":{"line":118,"column":null}}],"line":118},"12":{"loc":{"start":{"line":135,"column":31},"end":{"line":135,"column":78}},"type":"cond-expr","locations":[{"start":{"line":135,"column":54},"end":{"line":135,"column":68}},{"start":{"line":135,"column":68},"end":{"line":135,"column":78}}],"line":135},"13":{"loc":{"start":{"line":144,"column":4},"end":{"line":144,"column":null}},"type":"if","locations":[{"start":{"line":144,"column":4},"end":{"line":144,"column":null}},{"start":{},"end":{}}],"line":144},"14":{"loc":{"start":{"line":154,"column":6},"end":{"line":161,"column":null}},"type":"if","locations":[{"start":{"line":154,"column":6},"end":{"line":161,"column":null}},{"start":{"line":160,"column":13},"end":{"line":161,"column":null}}],"line":154},"15":{"loc":{"start":{"line":154,"column":10},"end":{"line":154,"column":60}},"type":"binary-expr","locations":[{"start":{"line":154,"column":10},"end":{"line":154,"column":42}},{"start":{"line":154,"column":42},"end":{"line":154,"column":60}}],"line":154},"16":{"loc":{"start":{"line":164,"column":31},"end":{"line":164,"column":78}},"type":"cond-expr","locations":[{"start":{"line":164,"column":54},"end":{"line":164,"column":68}},{"start":{"line":164,"column":68},"end":{"line":164,"column":78}}],"line":164},"17":{"loc":{"start":{"line":173,"column":4},"end":{"line":173,"column":null}},"type":"if","locations":[{"start":{"line":173,"column":4},"end":{"line":173,"column":null}},{"start":{},"end":{}}],"line":173},"18":{"loc":{"start":{"line":178,"column":21},"end":{"line":178,"column":null}},"type":"binary-expr","locations":[{"start":{"line":178,"column":21},"end":{"line":178,"column":49}},{"start":{"line":178,"column":49},"end":{"line":178,"column":null}}],"line":178},"19":{"loc":{"start":{"line":179,"column":20},"end":{"line":179,"column":null}},"type":"binary-expr","locations":[{"start":{"line":179,"column":20},"end":{"line":179,"column":52}},{"start":{"line":179,"column":52},"end":{"line":179,"column":null}}],"line":179},"20":{"loc":{"start":{"line":182,"column":31},"end":{"line":182,"column":78}},"type":"cond-expr","locations":[{"start":{"line":182,"column":54},"end":{"line":182,"column":68}},{"start":{"line":182,"column":68},"end":{"line":182,"column":78}}],"line":182},"21":{"loc":{"start":{"line":193,"column":4},"end":{"line":194,"column":null}},"type":"if","locations":[{"start":{"line":193,"column":4},"end":{"line":194,"column":null}},{"start":{},"end":{}}],"line":193},"22":{"loc":{"start":{"line":193,"column":8},"end":{"line":193,"column":44}},"type":"binary-expr","locations":[{"start":{"line":193,"column":8},"end":{"line":193,"column":19}},{"start":{"line":193,"column":19},"end":{"line":193,"column":44}}],"line":193},"23":{"loc":{"start":{"line":199,"column":4},"end":{"line":200,"column":null}},"type":"if","locations":[{"start":{"line":199,"column":4},"end":{"line":200,"column":null}},{"start":{},"end":{}}],"line":199},"24":{"loc":{"start":{"line":199,"column":8},"end":{"line":199,"column":62}},"type":"binary-expr","locations":[{"start":{"line":199,"column":8},"end":{"line":199,"column":33}},{"start":{"line":199,"column":33},"end":{"line":199,"column":51}},{"start":{"line":199,"column":51},"end":{"line":199,"column":62}}],"line":199},"25":{"loc":{"start":{"line":208,"column":54},"end":{"line":208,"column":null}},"type":"binary-expr","locations":[{"start":{"line":208,"column":54},"end":{"line":208,"column":67}},{"start":{"line":208,"column":67},"end":{"line":208,"column":null}}],"line":208},"26":{"loc":{"start":{"line":215,"column":4},"end":{"line":215,"column":null}},"type":"cond-expr","locations":[{"start":{"line":215,"column":23},"end":{"line":215,"column":32}},{"start":{"line":215,"column":32},"end":{"line":215,"column":null}}],"line":215},"27":{"loc":{"start":{"line":215,"column":32},"end":{"line":215,"column":null}},"type":"cond-expr","locations":[{"start":{"line":215,"column":52},"end":{"line":215,"column":57}},{"start":{"line":215,"column":57},"end":{"line":215,"column":null}}],"line":215},"28":{"loc":{"start":{"line":224,"column":8},"end":{"line":224,"column":null}},"type":"if","locations":[{"start":{"line":224,"column":8},"end":{"line":224,"column":null}},{"start":{},"end":{}}],"line":224},"29":{"loc":{"start":{"line":242,"column":9},"end":{"line":283,"column":null}},"type":"binary-expr","locations":[{"start":{"line":242,"column":9},"end":{"line":242,"column":null}},{"start":{"line":243,"column":10},"end":{"line":283,"column":null}}],"line":242},"30":{"loc":{"start":{"line":270,"column":13},"end":{"line":273,"column":null}},"type":"binary-expr","locations":[{"start":{"line":270,"column":13},"end":{"line":270,"column":null}},{"start":{"line":271,"column":14},"end":{"line":273,"column":null}}],"line":270},"31":{"loc":{"start":{"line":279,"column":24},"end":{"line":279,"column":null}},"type":"binary-expr","locations":[{"start":{"line":279,"column":24},"end":{"line":279,"column":35}},{"start":{"line":279,"column":35},"end":{"line":279,"column":null}}],"line":279},"32":{"loc":{"start":{"line":282,"column":15},"end":{"line":282,"column":null}},"type":"cond-expr","locations":[{"start":{"line":282,"column":25},"end":{"line":282,"column":38}},{"start":{"line":282,"column":38},"end":{"line":282,"column":null}}],"line":282},"33":{"loc":{"start":{"line":287,"column":10},"end":{"line":348,"column":null}},"type":"binary-expr","locations":[{"start":{"line":287,"column":10},"end":{"line":287,"column":28}},{"start":{"line":287,"column":28},"end":{"line":287,"column":null}},{"start":{"line":288,"column":10},"end":{"line":348,"column":null}}],"line":287},"34":{"loc":{"start":{"line":288,"column":26},"end":{"line":288,"column":78}},"type":"cond-expr","locations":[{"start":{"line":288,"column":43},"end":{"line":288,"column":61}},{"start":{"line":288,"column":61},"end":{"line":288,"column":78}}],"line":288},"35":{"loc":{"start":{"line":290,"column":15},"end":{"line":290,"column":null}},"type":"cond-expr","locations":[{"start":{"line":290,"column":32},"end":{"line":290,"column":53}},{"start":{"line":290,"column":53},"end":{"line":290,"column":null}}],"line":290},"36":{"loc":{"start":{"line":293,"column":15},"end":{"line":293,"column":null}},"type":"cond-expr","locations":[{"start":{"line":293,"column":32},"end":{"line":293,"column":50}},{"start":{"line":293,"column":50},"end":{"line":293,"column":null}}],"line":293},"37":{"loc":{"start":{"line":297,"column":34},"end":{"line":297,"column":null}},"type":"cond-expr","locations":[{"start":{"line":297,"column":51},"end":{"line":297,"column":69}},{"start":{"line":297,"column":69},"end":{"line":297,"column":null}}],"line":297},"38":{"loc":{"start":{"line":299,"column":17},"end":{"line":299,"column":null}},"type":"cond-expr","locations":[{"start":{"line":299,"column":34},"end":{"line":299,"column":52}},{"start":{"line":299,"column":52},"end":{"line":299,"column":null}}],"line":299},"39":{"loc":{"start":{"line":315,"column":29},"end":{"line":315,"column":null}},"type":"cond-expr","locations":[{"start":{"line":315,"column":39},"end":{"line":315,"column":53}},{"start":{"line":315,"column":53},"end":{"line":315,"column":null}}],"line":315},"40":{"loc":{"start":{"line":322,"column":13},"end":{"line":325,"column":null}},"type":"binary-expr","locations":[{"start":{"line":322,"column":13},"end":{"line":322,"column":null}},{"start":{"line":323,"column":14},"end":{"line":325,"column":null}}],"line":322},"41":{"loc":{"start":{"line":331,"column":24},"end":{"line":331,"column":null}},"type":"binary-expr","locations":[{"start":{"line":331,"column":24},"end":{"line":331,"column":35}},{"start":{"line":331,"column":35},"end":{"line":331,"column":null}}],"line":331},"42":{"loc":{"start":{"line":334,"column":15},"end":{"line":334,"column":null}},"type":"cond-expr","locations":[{"start":{"line":334,"column":25},"end":{"line":334,"column":40}},{"start":{"line":334,"column":40},"end":{"line":334,"column":null}}],"line":334},"43":{"loc":{"start":{"line":334,"column":40},"end":{"line":334,"column":null}},"type":"cond-expr","locations":[{"start":{"line":334,"column":57},"end":{"line":334,"column":79}},{"start":{"line":334,"column":79},"end":{"line":334,"column":null}}],"line":334}},"s":{"0":1,"1":1,"2":220,"3":220,"4":220,"5":220,"6":220,"7":220,"8":220,"9":220,"10":220,"11":220,"12":220,"13":220,"14":220,"15":24,"16":14,"17":10,"18":220,"19":13,"20":179,"21":179,"22":0,"23":0,"24":0,"25":0,"26":0,"27":0,"28":0,"29":0,"30":0,"31":13,"32":13,"33":13,"34":220,"35":13,"36":179,"37":1,"38":13,"39":13,"40":13,"41":220,"42":14,"43":14,"44":13,"45":2,"46":2,"47":11,"48":220,"49":9,"50":9,"51":9,"52":9,"53":9,"54":8,"55":8,"56":1,"57":9,"58":220,"59":4,"60":4,"61":4,"62":0,"63":4,"64":4,"65":4,"66":4,"67":3,"68":3,"69":3,"70":3,"71":2,"72":2,"73":2,"74":2,"75":2,"76":1,"77":1,"78":4,"79":220,"80":1,"81":1,"82":1,"83":0,"84":1,"85":1,"86":1,"87":1,"88":0,"89":1,"90":1,"91":1,"92":1,"93":220,"94":33,"95":33,"96":33,"97":33,"98":33,"99":27,"100":220,"101":34,"102":1,"103":220,"104":1,"105":1,"106":1,"107":1,"108":1,"109":6,"110":1,"111":1,"112":1,"113":220,"114":220,"115":58,"116":1,"117":144,"118":312,"119":624,"120":33,"121":34,"122":1,"123":1,"124":1},"f":{"0":220,"1":24,"2":13,"3":179,"4":13,"5":13,"6":179,"7":13,"8":14,"9":9,"10":4,"11":1,"12":33,"13":34,"14":1,"15":58,"16":144,"17":312,"18":624,"19":33,"20":34,"21":1},"b":{"0":[220],"1":[220],"2":[14,10],"3":[179,0],"4":[179,0],"5":[0,0],"6":[0,0],"7":[0,0],"8":[0,0],"9":[1,178],"10":[2,11],"11":[2,0],"12":[1,0],"13":[0,4],"14":[2,1],"15":[3,3],"16":[1,0],"17":[0,1],"18":[0,0],"19":[1,0],"20":[1,0],"21":[27,6],"22":[33,32],"23":[1,33],"24":[34,2,1],"25":[6,0],"26":[0,220],"27":[0,220],"28":[1,57],"29":[220,168],"30":[168,1],"31":[168,159],"32":[9,159],"33":[220,178,52],"34":[42,10],"35":[42,10],"36":[42,10],"37":[42,10],"38":[42,10],"39":[52,260],"40":[52,2],"41":[52,47],"42":[5,47],"43":[38,9]},"meta":{"lastBranch":44,"lastFunction":22,"lastStatement":125,"seen":{"s:39:20:39:Infinity":0,"s:43:2:43:Infinity":1,"f:49:16:49:26":0,"b:53:14:53:Infinity":0,"b:55:10:55:Infinity":1,"s:57:17:57:Infinity":2,"s:59:15:59:49":3,"s:60:16:60:40":4,"s:61:17:61:77":5,"s:62:16:62:57":6,"s:63:18:63:47":7,"s:64:23:64:71":8,"s:65:22:65:74":9,"s:66:27:66:65":10,"s:68:8:68:49":11,"s:69:8:69:59":12,"s:70:8:70:47":13,"s:73:2:76:Infinity":14,"f:73:2:73:18":1,"b:74:4:75:Infinity:75:9:75:Infinity":2,"s:74:4:75:Infinity":15,"s:74:26:74:Infinity":16,"s:75:9:75:Infinity":17,"s:79:2:97:Infinity":18,"f:79:2:79:18":2,"s:80:10:92:Infinity":19,"f:80:10:80:21":3,"b:81:6:81:Infinity:undefined:undefined:undefined:undefined":3,"s:81:6:81:Infinity":20,"b:81:10:81:29:81:29:81:48":4,"s:81:48:81:Infinity":21,"s:82:24:83:Infinity":22,"s:85:20:85:Infinity":23,"s:86:19:86:Infinity":24,"b:87:6:92:Infinity:90:17:92:Infinity":5,"s:87:6:92:Infinity":25,"b:87:10:87:24:87:24:87:58":6,"s:88:8:88:Infinity":26,"s:89:8:89:Infinity":27,"b:90:17:92:Infinity:undefined:undefined:undefined:undefined":7,"s:90:17:92:Infinity":28,"b:90:17:90:32:90:32:90:65":8,"s:91:8:91:Infinity":29,"s:92:8:92:Infinity":30,"s:95:4:95:Infinity":31,"s:96:4:96:Infinity":32,"f:96:4:96:17":4,"s:96:17:96:65":33,"s:100:2:106:Infinity":34,"f:100:2:100:18":5,"s:101:10:102:Infinity":35,"f:101:10:101:21":6,"b:102:6:102:Infinity:undefined:undefined:undefined:undefined":9,"s:102:6:102:Infinity":36,"s:102:30:102:Infinity":37,"s:104:4:104:Infinity":38,"s:105:4:105:Infinity":39,"f:105:4:105:17":7,"s:105:17:105:65":40,"s:108:8:123:Infinity":41,"f:109:4:109:11":8,"s:110:18:114:8":42,"s:115:20:115:36":43,"b:116:6:119:Infinity:undefined:undefined:undefined:undefined":10,"s:116:6:119:Infinity":44,"s:118:10:118:Infinity":45,"b:118:46:118:62:118:62:118:Infinity":11,"s:119:8:119:Infinity":46,"s:121:6:121:Infinity":47,"s:126:24:137:Infinity":48,"f:126:24:126:31":9,"s:127:4:127:Infinity":49,"s:128:4:128:Infinity":50,"s:129:4:129:Infinity":51,"s:130:4:137:Infinity":52,"s:131:6:131:Infinity":53,"s:132:6:132:Infinity":54,"s:133:6:133:Infinity":55,"s:135:6:135:Infinity":56,"b:135:54:135:68:135:68:135:78":12,"s:137:6:137:Infinity":57,"s:141:26:166:Infinity":58,"f:141:26:141:33":10,"s:142:4:142:Infinity":59,"s:143:17:143:32":60,"b:144:4:144:Infinity:undefined:undefined:undefined:undefined":13,"s:144:4:144:Infinity":61,"s:144:35:144:Infinity":62,"s:145:4:145:Infinity":63,"s:146:4:146:Infinity":64,"s:147:4:166:Infinity":65,"s:148:19:148:61":66,"s:149:20:149:Infinity":67,"s:150:19:150:Infinity":68,"s:151:24:151:Infinity":69,"b:154:6:161:Infinity:160:13:161:Infinity":14,"s:154:6:161:Infinity":70,"b:154:10:154:42:154:42:154:60":15,"s:155:8:155:Infinity":71,"s:156:8:156:Infinity":72,"s:157:8:157:Infinity":73,"s:158:8:158:Infinity":74,"s:159:8:159:Infinity":75,"s:161:8:161:Infinity":76,"s:164:6:164:Infinity":77,"b:164:54:164:68:164:68:164:78":16,"s:166:6:166:Infinity":78,"s:170:26:184:Infinity":79,"f:170:26:170:33":11,"s:171:4:171:Infinity":80,"s:172:17:172:32":81,"b:173:4:173:Infinity:undefined:undefined:undefined:undefined":17,"s:173:4:173:Infinity":82,"s:173:35:173:Infinity":83,"s:174:4:174:Infinity":84,"s:175:4:175:Infinity":85,"s:176:4:184:Infinity":86,"s:177:19:177:61":87,"s:178:21:178:Infinity":88,"b:178:21:178:49:178:49:178:Infinity":18,"s:179:20:179:Infinity":89,"b:179:20:179:52:179:52:179:Infinity":19,"s:180:6:180:Infinity":90,"s:182:6:182:Infinity":91,"b:182:54:182:68:182:68:182:78":20,"s:184:6:184:Infinity":92,"s:188:8:194:Infinity":93,"f:188:8:188:29":12,"s:189:20:189:54":94,"s:190:17:190:28":95,"s:191:4:191:Infinity":96,"s:192:4:192:Infinity":97,"b:193:4:194:Infinity:undefined:undefined:undefined:undefined":21,"s:193:4:194:Infinity":98,"b:193:8:193:19:193:19:193:44":22,"s:194:6:194:Infinity":99,"s:198:8:200:Infinity":100,"f:198:8:198:30":13,"b:199:4:200:Infinity:undefined:undefined:undefined:undefined":23,"s:199:4:200:Infinity":101,"b:199:8:199:33:199:33:199:51:199:51:199:62":24,"s:200:6:200:Infinity":102,"s:204:8:211:Infinity":103,"f:204:8:204:23":14,"s:205:4:205:Infinity":104,"s:206:19:206:91":105,"s:207:17:207:44":106,"s:208:4:208:Infinity":107,"s:208:17:208:20":108,"s:208:44:208:Infinity":109,"b:208:54:208:67:208:67:208:Infinity":25,"s:209:4:209:Infinity":110,"s:210:23:210:63":111,"s:211:4:211:Infinity":112,"s:215:4:215:Infinity":113,"b:215:23:215:32:215:32:215:Infinity":26,"b:215:52:215:57:215:57:215:Infinity":27,"s:217:2:352:Infinity":114,"f:223:6:223:16":15,"b:224:8:224:Infinity:undefined:undefined:undefined:undefined":28,"s:224:8:224:Infinity":115,"s:224:42:224:Infinity":116,"b:242:9:242:Infinity:243:10:283:Infinity":29,"f:265:14:265:25":16,"s:265:62:265:86":117,"b:270:13:270:Infinity:271:14:273:Infinity":30,"b:279:24:279:35:279:35:279:Infinity":31,"b:282:25:282:38:282:38:282:Infinity":32,"b:287:10:287:28:287:28:287:Infinity:288:10:348:Infinity":33,"b:288:43:288:61:288:61:288:78":34,"b:290:32:290:53:290:53:290:Infinity":35,"b:293:32:293:50:293:50:293:Infinity":36,"b:297:51:297:69:297:69:297:Infinity":37,"b:299:34:299:52:299:52:299:Infinity":38,"f:302:24:302:29":17,"s:303:18:317:Infinity":118,"f:306:20:306:26":18,"s:306:35:306:Infinity":119,"f:313:20:313:31":19,"s:313:37:313:73":120,"f:314:20:314:32":20,"s:314:38:314:62":121,"b:315:39:315:53:315:53:315:Infinity":39,"b:322:13:322:Infinity:323:14:325:Infinity":40,"b:331:24:331:35:331:35:331:Infinity":41,"b:334:25:334:40:334:40:334:Infinity":42,"b:334:57:334:79:334:79:334:Infinity":43,"f:340:14:340:29":21,"s:341:16:341:Infinity":122,"s:342:16:342:Infinity":123,"s:343:16:343:Infinity":124}}}
,"C:\\Users\\prady\\Documents\\GitHub\\EasyAuth\\packages\\react\\src\\types.ts": {"path":"C:\\Users\\prady\\Documents\\GitHub\\EasyAuth\\packages\\react\\src\\types.ts","statementMap":{"0":{"start":{"line":17,"column":42},"end":{"line":30,"column":null}},"1":{"start":{"line":33,"column":54},"end":{"line":47,"column":null}},"2":{"start":{"line":50,"column":2},"end":{"line":50,"column":null}}},"fnMap":{"0":{"name":"getErrorMessage","decl":{"start":{"line":49,"column":16},"end":{"line":49,"column":32}},"loc":{"start":{"line":49,"column":54},"end":{"line":50,"column":null}},"line":49}},"branchMap":{"0":{"loc":{"start":{"line":50,"column":9},"end":{"line":50,"column":null}},"type":"binary-expr","locations":[{"start":{"line":50,"column":9},"end":{"line":50,"column":33}},{"start":{"line":50,"column":33},"end":{"line":50,"column":null}}],"line":50}},"s":{"0":1,"1":1,"2":3},"f":{"0":3},"b":{"0":[3,1]},"meta":{"lastBranch":1,"lastFunction":1,"lastStatement":3,"seen":{"s:17:42:30:Infinity":0,"s:33:54:47:Infinity":1,"f:49:16:49:32":0,"s:50:2:50:Infinity":2,"b:50:9:50:33:50:33:50:Infinity":0}}}
}
