{"C:\\Users\\prady\\Documents\\GitHub\\EasyAuth\\packages\\adapter-redis\\src\\index.ts": {"path":"C:\\Users\\prady\\Documents\\GitHub\\EasyAuth\\packages\\adapter-redis\\src\\index.ts","statementMap":{"0":{"start":{"line":5,"column":11},"end":{"line":5,"column":null}},"1":{"start":{"line":8,"column":2},"end":{"line":8,"column":null}},"2":{"start":{"line":27,"column":16},"end":{"line":27,"column":84}},"3":{"start":{"line":29,"column":2},"end":{"line":131,"column":null}},"4":{"start":{"line":31,"column":18},"end":{"line":31,"column":53}},"5":{"start":{"line":32,"column":6},"end":{"line":32,"column":null}},"6":{"start":{"line":32,"column":16},"end":{"line":32,"column":null}},"7":{"start":{"line":33,"column":6},"end":{"line":33,"column":null}},"8":{"start":{"line":37,"column":23},"end":{"line":37,"column":48}},"9":{"start":{"line":38,"column":18},"end":{"line":38,"column":28}},"10":{"start":{"line":39,"column":25},"end":{"line":47,"column":null}},"11":{"start":{"line":48,"column":6},"end":{"line":48,"column":null}},"12":{"start":{"line":49,"column":6},"end":{"line":49,"column":null}},"13":{"start":{"line":53,"column":22},"end":{"line":53,"column":65}},"14":{"start":{"line":54,"column":6},"end":{"line":54,"column":null}},"15":{"start":{"line":58,"column":18},"end":{"line":58,"column":52}},"16":{"start":{"line":59,"column":6},"end":{"line":59,"column":null}},"17":{"start":{"line":59,"column":16},"end":{"line":59,"column":null}},"18":{"start":{"line":60,"column":6},"end":{"line":60,"column":null}},"19":{"start":{"line":64,"column":18},"end":{"line":64,"column":52}},"20":{"start":{"line":65,"column":6},"end":{"line":65,"column":null}},"21":{"start":{"line":65,"column":16},"end":{"line":65,"column":null}},"22":{"start":{"line":66,"column":21},"end":{"line":66,"column":36}},"23":{"start":{"line":67,"column":6},"end":{"line":67,"column":null}},"24":{"start":{"line":69,"column":18},"end":{"line":69,"column":52}},"25":{"start":{"line":70,"column":27},"end":{"line":70,"column":null}},"26":{"start":{"line":71,"column":6},"end":{"line":71,"column":null}},"27":{"start":{"line":72,"column":6},"end":{"line":72,"column":null}},"28":{"start":{"line":76,"column":6},"end":{"line":76,"column":null}},"29":{"start":{"line":80,"column":25},"end":{"line":80,"column":72}},"30":{"start":{"line":81,"column":6},"end":{"line":82,"column":null}},"31":{"start":{"line":82,"column":8},"end":{"line":82,"column":null}},"32":{"start":{"line":87,"column":18},"end":{"line":87,"column":56}},"33":{"start":{"line":88,"column":6},"end":{"line":88,"column":null}},"34":{"start":{"line":88,"column":16},"end":{"line":88,"column":null}},"35":{"start":{"line":89,"column":6},"end":{"line":89,"column":null}},"36":{"start":{"line":93,"column":6},"end":{"line":93,"column":null}},"37":{"start":{"line":97,"column":6},"end":{"line":97,"column":null}},"38":{"start":{"line":101,"column":6},"end":{"line":101,"column":null}},"39":{"start":{"line":103,"column":19},"end":{"line":103,"column":44}},"40":{"start":{"line":104,"column":6},"end":{"line":108,"column":null}},"41":{"start":{"line":105,"column":8},"end":{"line":108,"column":null}},"42":{"start":{"line":113,"column":18},"end":{"line":113,"column":61}},"43":{"start":{"line":114,"column":6},"end":{"line":114,"column":null}},"44":{"start":{"line":118,"column":16},"end":{"line":118,"column":41}},"45":{"start":{"line":119,"column":6},"end":{"line":119,"column":null}},"46":{"start":{"line":120,"column":6},"end":{"line":121,"column":null}},"47":{"start":{"line":121,"column":8},"end":{"line":121,"column":null}},"48":{"start":{"line":126,"column":16},"end":{"line":126,"column":41}},"49":{"start":{"line":128,"column":22},"end":{"line":128,"column":53}},"50":{"start":{"line":129,"column":6},"end":{"line":129,"column":null}}},"fnMap":{"0":{"name":"key","decl":{"start":{"line":7,"column":9},"end":{"line":7,"column":13}},"loc":{"start":{"line":7,"column":53},"end":{"line":8,"column":null}},"line":7},"1":{"name":"redisAdapter","decl":{"start":{"line":26,"column":16},"end":{"line":26,"column":29}},"loc":{"start":{"line":26,"column":75},"end":{"line":131,"column":null}},"line":26},"2":{"name":"(anonymous_2)","decl":{"start":{"line":30,"column":10},"end":{"line":30,"column":18}},"loc":{"start":{"line":30,"column":25},"end":{"line":33,"column":null}},"line":30},"3":{"name":"(anonymous_3)","decl":{"start":{"line":36,"column":10},"end":{"line":36,"column":21}},"loc":{"start":{"line":36,"column":38},"end":{"line":49,"column":null}},"line":36},"4":{"name":"(anonymous_4)","decl":{"start":{"line":52,"column":10},"end":{"line":52,"column":17}},"loc":{"start":{"line":52,"column":48},"end":{"line":54,"column":null}},"line":52},"5":{"name":"(anonymous_5)","decl":{"start":{"line":57,"column":10},"end":{"line":57,"column":17}},"loc":{"start":{"line":57,"column":24},"end":{"line":60,"column":null}},"line":57},"6":{"name":"(anonymous_6)","decl":{"start":{"line":63,"column":10},"end":{"line":63,"column":31}},"loc":{"start":{"line":63,"column":38},"end":{"line":72,"column":null}},"line":63},"7":{"name":"(anonymous_7)","decl":{"start":{"line":75,"column":10},"end":{"line":75,"column":20}},"loc":{"start":{"line":75,"column":27},"end":{"line":76,"column":null}},"line":75},"8":{"name":"(anonymous_8)","decl":{"start":{"line":79,"column":10},"end":{"line":79,"column":21}},"loc":{"start":{"line":79,"column":44},"end":{"line":82,"column":null}},"line":79},"9":{"name":"(anonymous_9)","decl":{"start":{"line":86,"column":10},"end":{"line":86,"column":21}},"loc":{"start":{"line":86,"column":28},"end":{"line":89,"column":null}},"line":86},"10":{"name":"(anonymous_10)","decl":{"start":{"line":92,"column":10},"end":{"line":92,"column":24}},"loc":{"start":{"line":92,"column":48},"end":{"line":93,"column":null}},"line":92},"11":{"name":"(anonymous_11)","decl":{"start":{"line":96,"column":10},"end":{"line":96,"column":24}},"loc":{"start":{"line":96,"column":31},"end":{"line":97,"column":null}},"line":96},"12":{"name":"(anonymous_12)","decl":{"start":{"line":100,"column":10},"end":{"line":100,"column":25}},"loc":{"start":{"line":100,"column":41},"end":{"line":108,"column":null}},"line":100},"13":{"name":"(anonymous_13)","decl":{"start":{"line":112,"column":10},"end":{"line":112,"column":25}},"loc":{"start":{"line":112,"column":32},"end":{"line":114,"column":null}},"line":112},"14":{"name":"(anonymous_14)","decl":{"start":{"line":117,"column":10},"end":{"line":117,"column":25}},"loc":{"start":{"line":117,"column":45},"end":{"line":121,"column":null}},"line":117},"15":{"name":"(anonymous_15)","decl":{"start":{"line":125,"column":10},"end":{"line":125,"column":28}},"loc":{"start":{"line":125,"column":47},"end":{"line":129,"column":null}},"line":125}},"branchMap":{"0":{"loc":{"start":{"line":27,"column":16},"end":{"line":27,"column":84}},"type":"binary-expr","locations":[{"start":{"line":27,"column":16},"end":{"line":27,"column":34}},{"start":{"line":27,"column":34},"end":{"line":27,"column":84}}],"line":27},"1":{"loc":{"start":{"line":27,"column":44},"end":{"line":27,"column":84}},"type":"binary-expr","locations":[{"start":{"line":27,"column":44},"end":{"line":27,"column":59}},{"start":{"line":27,"column":59},"end":{"line":27,"column":84}}],"line":27},"2":{"loc":{"start":{"line":32,"column":6},"end":{"line":32,"column":null}},"type":"if","locations":[{"start":{"line":32,"column":6},"end":{"line":32,"column":null}},{"start":{},"end":{}}],"line":32},"3":{"loc":{"start":{"line":39,"column":25},"end":{"line":47,"column":null}},"type":"cond-expr","locations":[{"start":{"line":40,"column":10},"end":{"line":40,"column":null}},{"start":{"line":41,"column":10},"end":{"line":47,"column":null}}],"line":39},"4":{"loc":{"start":{"line":46,"column":22},"end":{"line":46,"column":null}},"type":"binary-expr","locations":[{"start":{"line":46,"column":22},"end":{"line":46,"column":34}},{"start":{"line":46,"column":34},"end":{"line":46,"column":null}}],"line":46},"5":{"loc":{"start":{"line":59,"column":6},"end":{"line":59,"column":null}},"type":"if","locations":[{"start":{"line":59,"column":6},"end":{"line":59,"column":null}},{"start":{},"end":{}}],"line":59},"6":{"loc":{"start":{"line":65,"column":6},"end":{"line":65,"column":null}},"type":"if","locations":[{"start":{"line":65,"column":6},"end":{"line":65,"column":null}},{"start":{},"end":{}}],"line":65},"7":{"loc":{"start":{"line":70,"column":27},"end":{"line":70,"column":null}},"type":"cond-expr","locations":[{"start":{"line":70,"column":37},"end":{"line":70,"column":43}},{"start":{"line":70,"column":43},"end":{"line":70,"column":null}}],"line":70},"8":{"loc":{"start":{"line":81,"column":6},"end":{"line":82,"column":null}},"type":"if","locations":[{"start":{"line":81,"column":6},"end":{"line":82,"column":null}},{"start":{},"end":{}}],"line":81},"9":{"loc":{"start":{"line":88,"column":6},"end":{"line":88,"column":null}},"type":"if","locations":[{"start":{"line":88,"column":6},"end":{"line":88,"column":null}},{"start":{},"end":{}}],"line":88},"10":{"loc":{"start":{"line":101,"column":50},"end":{"line":101,"column":70}},"type":"cond-expr","locations":[{"start":{"line":101,"column":60},"end":{"line":101,"column":66}},{"start":{"line":101,"column":66},"end":{"line":101,"column":70}}],"line":101},"11":{"loc":{"start":{"line":104,"column":6},"end":{"line":108,"column":null}},"type":"if","locations":[{"start":{"line":104,"column":6},"end":{"line":108,"column":null}},{"start":{},"end":{}}],"line":104},"12":{"loc":{"start":{"line":120,"column":6},"end":{"line":121,"column":null}},"type":"if","locations":[{"start":{"line":120,"column":6},"end":{"line":121,"column":null}},{"start":{},"end":{}}],"line":120}},"s":{"0":1,"1":38,"2":11,"3":11,"4":7,"5":7,"6":4,"7":3,"8":4,"9":4,"10":4,"11":4,"12":4,"13":3,"14":3,"15":2,"16":2,"17":1,"18":1,"19":2,"20":2,"21":0,"22":2,"23":2,"24":2,"25":2,"26":2,"27":2,"28":1,"29":2,"30":2,"31":1,"32":2,"33":2,"34":1,"35":1,"36":1,"37":1,"38":2,"39":2,"40":2,"41":2,"42":2,"43":2,"44":1,"45":1,"46":1,"47":1,"48":3,"49":3,"50":3},"f":{"0":38,"1":11,"2":7,"3":4,"4":3,"5":2,"6":2,"7":1,"8":2,"9":2,"10":1,"11":1,"12":2,"13":2,"14":1,"15":3},"b":{"0":[11,0],"1":[0,0],"2":[4,3],"3":[1,3],"4":[3,3],"5":[1,1],"6":[0,2],"7":[2,0],"8":[1,1],"9":[1,1],"10":[1,1],"11":[2,0],"12":[1,0]},"meta":{"lastBranch":13,"lastFunction":16,"lastStatement":51,"seen":{"s:5:11:5:Infinity":0,"f:7:9:7:13":0,"s:8:2:8:Infinity":1,"f:26:16:26:29":1,"s:27:16:27:84":2,"b:27:16:27:34:27:34:27:84":0,"b:27:44:27:59:27:59:27:84":1,"s:29:2:131:Infinity":3,"f:30:10:30:18":2,"s:31:18:31:53":4,"b:32:6:32:Infinity:undefined:undefined:undefined:undefined":2,"s:32:6:32:Infinity":5,"s:32:16:32:Infinity":6,"s:33:6:33:Infinity":7,"f:36:10:36:21":3,"s:37:23:37:48":8,"s:38:18:38:28":9,"s:39:25:47:Infinity":10,"b:40:10:40:Infinity:41:10:47:Infinity":3,"b:46:22:46:34:46:34:46:Infinity":4,"s:48:6:48:Infinity":11,"s:49:6:49:Infinity":12,"f:52:10:52:17":4,"s:53:22:53:65":13,"s:54:6:54:Infinity":14,"f:57:10:57:17":5,"s:58:18:58:52":15,"b:59:6:59:Infinity:undefined:undefined:undefined:undefined":5,"s:59:6:59:Infinity":16,"s:59:16:59:Infinity":17,"s:60:6:60:Infinity":18,"f:63:10:63:31":6,"s:64:18:64:52":19,"b:65:6:65:Infinity:undefined:undefined:undefined:undefined":6,"s:65:6:65:Infinity":20,"s:65:16:65:Infinity":21,"s:66:21:66:36":22,"s:67:6:67:Infinity":23,"s:69:18:69:52":24,"s:70:27:70:Infinity":25,"b:70:37:70:43:70:43:70:Infinity":7,"s:71:6:71:Infinity":26,"s:72:6:72:Infinity":27,"f:75:10:75:20":7,"s:76:6:76:Infinity":28,"f:79:10:79:21":8,"s:80:25:80:72":29,"b:81:6:82:Infinity:undefined:undefined:undefined:undefined":8,"s:81:6:82:Infinity":30,"s:82:8:82:Infinity":31,"f:86:10:86:21":9,"s:87:18:87:56":32,"b:88:6:88:Infinity:undefined:undefined:undefined:undefined":9,"s:88:6:88:Infinity":33,"s:88:16:88:Infinity":34,"s:89:6:89:Infinity":35,"f:92:10:92:24":10,"s:93:6:93:Infinity":36,"f:96:10:96:24":11,"s:97:6:97:Infinity":37,"f:100:10:100:25":12,"s:101:6:101:Infinity":38,"b:101:60:101:66:101:66:101:70":10,"s:103:19:103:44":39,"b:104:6:108:Infinity:undefined:undefined:undefined:undefined":11,"s:104:6:108:Infinity":40,"s:105:8:108:Infinity":41,"f:112:10:112:25":13,"s:113:18:113:61":42,"s:114:6:114:Infinity":43,"f:117:10:117:25":14,"s:118:16:118:41":44,"s:119:6:119:Infinity":45,"b:120:6:121:Infinity:undefined:undefined:undefined:undefined":12,"s:120:6:121:Infinity":46,"s:121:8:121:Infinity":47,"f:125:10:125:28":15,"s:126:16:126:41":48,"s:128:22:128:53":49,"s:129:6:129:Infinity":50}}}
}
