{"C:\\Users\\prady\\Documents\\GitHub\\EasyAuth\\packages\\adapter-mongo\\src\\index.ts": {"path":"C:\\Users\\prady\\Documents\\GitHub\\EasyAuth\\packages\\adapter-mongo\\src\\index.ts","statementMap":{"0":{"start":{"line":38,"column":2},"end":{"line":41,"column":null}},"1":{"start":{"line":42,"column":2},"end":{"line":45,"column":null}},"2":{"start":{"line":46,"column":2},"end":{"line":46,"column":null}},"3":{"start":{"line":47,"column":2},"end":{"line":47,"column":null}},"4":{"start":{"line":48,"column":2},"end":{"line":48,"column":null}},"5":{"start":{"line":49,"column":2},"end":{"line":49,"column":null}},"6":{"start":{"line":62,"column":17},"end":{"line":62,"column":45}},"7":{"start":{"line":63,"column":22},"end":{"line":63,"column":null}},"8":{"start":{"line":64,"column":21},"end":{"line":64,"column":null}},"9":{"start":{"line":67,"column":4},"end":{"line":69,"column":null}},"10":{"start":{"line":68,"column":6},"end":{"line":68,"column":null}},"11":{"start":{"line":69,"column":6},"end":{"line":69,"column":null}},"12":{"start":{"line":71,"column":4},"end":{"line":73,"column":null}},"13":{"start":{"line":72,"column":6},"end":{"line":72,"column":null}},"14":{"start":{"line":73,"column":6},"end":{"line":73,"column":null}},"15":{"start":{"line":75,"column":4},"end":{"line":75,"column":null}},"16":{"start":{"line":79,"column":14},"end":{"line":79,"column":27}},"17":{"start":{"line":80,"column":4},"end":{"line":80,"column":null}},"18":{"start":{"line":83,"column":2},"end":{"line":209,"column":null}},"19":{"start":{"line":85,"column":20},"end":{"line":85,"column":64}},"20":{"start":{"line":86,"column":18},"end":{"line":86,"column":48}},"21":{"start":{"line":87,"column":6},"end":{"line":87,"column":null}},"22":{"start":{"line":87,"column":16},"end":{"line":87,"column":null}},"23":{"start":{"line":88,"column":6},"end":{"line":94,"column":null}},"24":{"start":{"line":98,"column":20},"end":{"line":98,"column":44}},"25":{"start":{"line":99,"column":18},"end":{"line":99,"column":28}},"26":{"start":{"line":100,"column":6},"end":{"line":112,"column":null}},"27":{"start":{"line":113,"column":19},"end":{"line":113,"column":44}},"28":{"start":{"line":114,"column":6},"end":{"line":114,"column":null}},"29":{"start":{"line":118,"column":19},"end":{"line":118,"column":49}},"30":{"start":{"line":119,"column":24},"end":{"line":119,"column":64}},"31":{"start":{"line":120,"column":6},"end":{"line":124,"column":null}},"32":{"start":{"line":128,"column":19},"end":{"line":128,"column":49}},"33":{"start":{"line":129,"column":18},"end":{"line":129,"column":79}},"34":{"start":{"line":130,"column":6},"end":{"line":130,"column":null}},"35":{"start":{"line":130,"column":16},"end":{"line":130,"column":null}},"36":{"start":{"line":131,"column":6},"end":{"line":131,"column":null}},"37":{"start":{"line":135,"column":19},"end":{"line":135,"column":49}},"38":{"start":{"line":136,"column":21},"end":{"line":139,"column":null}},"39":{"start":{"line":141,"column":6},"end":{"line":141,"column":null}},"40":{"start":{"line":145,"column":19},"end":{"line":145,"column":49}},"41":{"start":{"line":146,"column":6},"end":{"line":146,"column":null}},"42":{"start":{"line":150,"column":23},"end":{"line":150,"column":56}},"43":{"start":{"line":151,"column":6},"end":{"line":155,"column":null}},"44":{"start":{"line":159,"column":23},"end":{"line":159,"column":56}},"45":{"start":{"line":160,"column":18},"end":{"line":160,"column":85}},"46":{"start":{"line":161,"column":6},"end":{"line":161,"column":null}},"47":{"start":{"line":165,"column":22},"end":{"line":165,"column":62}},"48":{"start":{"line":166,"column":6},"end":{"line":170,"column":null}},"49":{"start":{"line":174,"column":22},"end":{"line":174,"column":62}},"50":{"start":{"line":175,"column":18},"end":{"line":175,"column":50}},"51":{"start":{"line":176,"column":6},"end":{"line":176,"column":null}},"52":{"start":{"line":180,"column":20},"end":{"line":180,"column":44}},"53":{"start":{"line":181,"column":6},"end":{"line":181,"column":null}},"54":{"start":{"line":185,"column":20},"end":{"line":185,"column":44}},"55":{"start":{"line":186,"column":18},"end":{"line":186,"column":48}},"56":{"start":{"line":187,"column":6},"end":{"line":187,"column":null}},"57":{"start":{"line":191,"column":20},"end":{"line":191,"column":60}},"58":{"start":{"line":192,"column":6},"end":{"line":192,"column":null}},"59":{"start":{"line":193,"column":6},"end":{"line":196,"column":null}},"60":{"start":{"line":194,"column":8},"end":{"line":196,"column":null}},"61":{"start":{"line":195,"column":35},"end":{"line":195,"column":75}},"62":{"start":{"line":201,"column":20},"end":{"line":201,"column":60}},"63":{"start":{"line":202,"column":21},"end":{"line":205,"column":null}},"64":{"start":{"line":207,"column":6},"end":{"line":207,"column":null}}},"fnMap":{"0":{"name":"ensureIndexes","decl":{"start":{"line":36,"column":15},"end":{"line":36,"column":29}},"loc":{"start":{"line":36,"column":52},"end":{"line":49,"column":null}},"line":36},"1":{"name":"mongoAdapter","decl":{"start":{"line":61,"column":16},"end":{"line":61,"column":29}},"loc":{"start":{"line":61,"column":75},"end":{"line":209,"column":null}},"line":61},"2":{"name":"getDb","decl":{"start":{"line":66,"column":17},"end":{"line":66,"column":38}},"loc":{"start":{"line":66,"column":38},"end":{"line":75,"column":null}},"line":66},"3":{"name":"col","decl":{"start":{"line":78,"column":17},"end":{"line":78,"column":39}},"loc":{"start":{"line":78,"column":77},"end":{"line":80,"column":null}},"line":78},"4":{"name":"(anonymous_4)","decl":{"start":{"line":84,"column":10},"end":{"line":84,"column":18}},"loc":{"start":{"line":84,"column":25},"end":{"line":94,"column":null}},"line":84},"5":{"name":"(anonymous_5)","decl":{"start":{"line":97,"column":10},"end":{"line":97,"column":21}},"loc":{"start":{"line":97,"column":38},"end":{"line":114,"column":null}},"line":97},"6":{"name":"(anonymous_6)","decl":{"start":{"line":117,"column":10},"end":{"line":117,"column":17}},"loc":{"start":{"line":117,"column":48},"end":{"line":124,"column":null}},"line":117},"7":{"name":"(anonymous_7)","decl":{"start":{"line":127,"column":10},"end":{"line":127,"column":17}},"loc":{"start":{"line":127,"column":24},"end":{"line":131,"column":null}},"line":127},"8":{"name":"(anonymous_8)","decl":{"start":{"line":134,"column":10},"end":{"line":134,"column":31}},"loc":{"start":{"line":134,"column":38},"end":{"line":141,"column":null}},"line":134},"9":{"name":"(anonymous_9)","decl":{"start":{"line":144,"column":10},"end":{"line":144,"column":20}},"loc":{"start":{"line":144,"column":27},"end":{"line":146,"column":null}},"line":144},"10":{"name":"(anonymous_10)","decl":{"start":{"line":149,"column":10},"end":{"line":149,"column":21}},"loc":{"start":{"line":149,"column":44},"end":{"line":155,"column":null}},"line":149},"11":{"name":"(anonymous_11)","decl":{"start":{"line":158,"column":10},"end":{"line":158,"column":21}},"loc":{"start":{"line":158,"column":28},"end":{"line":161,"column":null}},"line":158},"12":{"name":"(anonymous_12)","decl":{"start":{"line":164,"column":10},"end":{"line":164,"column":24}},"loc":{"start":{"line":164,"column":48},"end":{"line":170,"column":null}},"line":164},"13":{"name":"(anonymous_13)","decl":{"start":{"line":173,"column":10},"end":{"line":173,"column":24}},"loc":{"start":{"line":173,"column":31},"end":{"line":176,"column":null}},"line":173},"14":{"name":"(anonymous_14)","decl":{"start":{"line":179,"column":10},"end":{"line":179,"column":25}},"loc":{"start":{"line":179,"column":41},"end":{"line":181,"column":null}},"line":179},"15":{"name":"(anonymous_15)","decl":{"start":{"line":184,"column":10},"end":{"line":184,"column":25}},"loc":{"start":{"line":184,"column":32},"end":{"line":187,"column":null}},"line":184},"16":{"name":"(anonymous_16)","decl":{"start":{"line":190,"column":10},"end":{"line":190,"column":25}},"loc":{"start":{"line":190,"column":45},"end":{"line":196,"column":null}},"line":190},"17":{"name":"(anonymous_17)","decl":{"start":{"line":195,"column":22},"end":{"line":195,"column":27}},"loc":{"start":{"line":195,"column":35},"end":{"line":195,"column":75}},"line":195},"18":{"name":"(anonymous_18)","decl":{"start":{"line":200,"column":10},"end":{"line":200,"column":28}},"loc":{"start":{"line":200,"column":47},"end":{"line":207,"column":null}},"line":200}},"branchMap":{"0":{"loc":{"start":{"line":67,"column":4},"end":{"line":69,"column":null}},"type":"if","locations":[{"start":{"line":67,"column":4},"end":{"line":69,"column":null}},{"start":{},"end":{}}],"line":67},"1":{"loc":{"start":{"line":71,"column":4},"end":{"line":73,"column":null}},"type":"if","locations":[{"start":{"line":71,"column":4},"end":{"line":73,"column":null}},{"start":{},"end":{}}],"line":71},"2":{"loc":{"start":{"line":87,"column":6},"end":{"line":87,"column":null}},"type":"if","locations":[{"start":{"line":87,"column":6},"end":{"line":87,"column":null}},{"start":{},"end":{}}],"line":87},"3":{"loc":{"start":{"line":107,"column":22},"end":{"line":107,"column":null}},"type":"binary-expr","locations":[{"start":{"line":107,"column":22},"end":{"line":107,"column":34}},{"start":{"line":107,"column":34},"end":{"line":107,"column":null}}],"line":107},"4":{"loc":{"start":{"line":130,"column":6},"end":{"line":130,"column":null}},"type":"if","locations":[{"start":{"line":130,"column":6},"end":{"line":130,"column":null}},{"start":{},"end":{}}],"line":130},"5":{"loc":{"start":{"line":141,"column":13},"end":{"line":141,"column":null}},"type":"binary-expr","locations":[{"start":{"line":141,"column":13},"end":{"line":141,"column":33}},{"start":{"line":141,"column":33},"end":{"line":141,"column":null}}],"line":141},"6":{"loc":{"start":{"line":161,"column":13},"end":{"line":161,"column":null}},"type":"cond-expr","locations":[{"start":{"line":161,"column":19},"end":{"line":161,"column":44}},{"start":{"line":161,"column":47},"end":{"line":161,"column":null}}],"line":161},"7":{"loc":{"start":{"line":176,"column":13},"end":{"line":176,"column":null}},"type":"binary-expr","locations":[{"start":{"line":176,"column":13},"end":{"line":176,"column":37}},{"start":{"line":176,"column":37},"end":{"line":176,"column":null}}],"line":176},"8":{"loc":{"start":{"line":187,"column":13},"end":{"line":187,"column":null}},"type":"binary-expr","locations":[{"start":{"line":187,"column":13},"end":{"line":187,"column":33}},{"start":{"line":187,"column":33},"end":{"line":187,"column":null}}],"line":187},"9":{"loc":{"start":{"line":193,"column":6},"end":{"line":196,"column":null}},"type":"if","locations":[{"start":{"line":193,"column":6},"end":{"line":196,"column":null}},{"start":{},"end":{}}],"line":193}},"s":{"0":1,"1":1,"2":1,"3":1,"4":1,"5":1,"6":1,"7":1,"8":1,"9":37,"10":1,"11":1,"12":37,"13":1,"14":1,"15":37,"16":37,"17":37,"18":1,"19":7,"20":7,"21":7,"22":1,"23":6,"24":6,"25":6,"26":6,"27":6,"28":6,"29":4,"30":4,"31":4,"32":3,"33":3,"34":3,"35":2,"36":1,"37":2,"38":2,"39":2,"40":1,"41":1,"42":2,"43":2,"44":2,"45":2,"46":2,"47":1,"48":1,"49":1,"50":1,"51":1,"52":2,"53":2,"54":2,"55":2,"56":2,"57":1,"58":1,"59":1,"60":1,"61":2,"62":3,"63":3,"64":3},"f":{"0":1,"1":1,"2":37,"3":37,"4":7,"5":6,"6":4,"7":3,"8":2,"9":1,"10":2,"11":2,"12":1,"13":1,"14":2,"15":2,"16":1,"17":2,"18":3},"b":{"0":[1,36],"1":[1,36],"2":[1,6],"3":[6,6],"4":[2,1],"5":[2,0],"6":[1,1],"7":[1,0],"8":[2,0],"9":[1,0]},"meta":{"lastBranch":10,"lastFunction":19,"lastStatement":65,"seen":{"f:36:15:36:29":0,"s:38:2:41:Infinity":0,"s:42:2:45:Infinity":1,"s:46:2:46:Infinity":2,"s:47:2:47:Infinity":3,"s:48:2:48:Infinity":4,"s:49:2:49:Infinity":5,"f:61:16:61:29":1,"s:62:17:62:45":6,"s:63:22:63:Infinity":7,"s:64:21:64:Infinity":8,"f:66:17:66:38":2,"b:67:4:69:Infinity:undefined:undefined:undefined:undefined":0,"s:67:4:69:Infinity":9,"s:68:6:68:Infinity":10,"s:69:6:69:Infinity":11,"b:71:4:73:Infinity:undefined:undefined:undefined:undefined":1,"s:71:4:73:Infinity":12,"s:72:6:72:Infinity":13,"s:73:6:73:Infinity":14,"s:75:4:75:Infinity":15,"f:78:17:78:39":3,"s:79:14:79:27":16,"s:80:4:80:Infinity":17,"s:83:2:209:Infinity":18,"f:84:10:84:18":4,"s:85:20:85:64":19,"s:86:18:86:48":20,"b:87:6:87:Infinity:undefined:undefined:undefined:undefined":2,"s:87:6:87:Infinity":21,"s:87:16:87:Infinity":22,"s:88:6:94:Infinity":23,"f:97:10:97:21":5,"s:98:20:98:44":24,"s:99:18:99:28":25,"s:100:6:112:Infinity":26,"b:107:22:107:34:107:34:107:Infinity":3,"s:113:19:113:44":27,"s:114:6:114:Infinity":28,"f:117:10:117:17":6,"s:118:19:118:49":29,"s:119:24:119:64":30,"s:120:6:124:Infinity":31,"f:127:10:127:17":7,"s:128:19:128:49":32,"s:129:18:129:79":33,"b:130:6:130:Infinity:undefined:undefined:undefined:undefined":4,"s:130:6:130:Infinity":34,"s:130:16:130:Infinity":35,"s:131:6:131:Infinity":36,"f:134:10:134:31":8,"s:135:19:135:49":37,"s:136:21:139:Infinity":38,"s:141:6:141:Infinity":39,"b:141:13:141:33:141:33:141:Infinity":5,"f:144:10:144:20":9,"s:145:19:145:49":40,"s:146:6:146:Infinity":41,"f:149:10:149:21":10,"s:150:23:150:56":42,"s:151:6:155:Infinity":43,"f:158:10:158:21":11,"s:159:23:159:56":44,"s:160:18:160:85":45,"s:161:6:161:Infinity":46,"b:161:19:161:44:161:47:161:Infinity":6,"f:164:10:164:24":12,"s:165:22:165:62":47,"s:166:6:170:Infinity":48,"f:173:10:173:24":13,"s:174:22:174:62":49,"s:175:18:175:50":50,"s:176:6:176:Infinity":51,"b:176:13:176:37:176:37:176:Infinity":7,"f:179:10:179:25":14,"s:180:20:180:44":52,"s:181:6:181:Infinity":53,"f:184:10:184:25":15,"s:185:20:185:44":54,"s:186:18:186:48":55,"s:187:6:187:Infinity":56,"b:187:13:187:33:187:33:187:Infinity":8,"f:190:10:190:25":16,"s:191:20:191:60":57,"s:192:6:192:Infinity":58,"b:193:6:196:Infinity:undefined:undefined:undefined:undefined":9,"s:193:6:196:Infinity":59,"s:194:8:196:Infinity":60,"f:195:22:195:27":17,"s:195:35:195:75":61,"f:200:10:200:28":18,"s:201:20:201:60":62,"s:202:21:205:Infinity":63,"s:207:6:207:Infinity":64}}}
}
