<?xml version="1.0" encoding="UTF-8"?>
<coverage generated="1774693885835" clover="3.2.0">
  <project timestamp="1774693885835" name="All files">
    <metrics statements="50" coveredstatements="50" conditionals="20" coveredconditionals="17" methods="19" coveredmethods="19" elements="89" coveredelements="86" complexity="0" loc="50" ncloc="50" packages="1" files="1" classes="1"/>
    <file name="index.ts" path="C:\Users\prady\Documents\GitHub\EasyAuth\packages\adapter-sqlite\src\index.ts">
      <metrics statements="50" coveredstatements="50" conditionals="20" coveredconditionals="17" methods="19" coveredmethods="19"/>
      <line num="11" count="1" type="stmt"/>
      <line num="13" count="1" type="stmt"/>
      <line num="56" count="13" type="stmt"/>
      <line num="58" count="13" type="stmt"/>
      <line num="62" count="13" type="cond" truecount="1" falsecount="1"/>
      <line num="63" count="13" type="stmt"/>
      <line num="79" count="13" type="stmt"/>
      <line num="82" count="13" type="stmt"/>
      <line num="83" count="13" type="stmt"/>
      <line num="85" count="13" type="stmt"/>
      <line num="87" count="13" type="stmt"/>
      <line num="89" count="7" type="stmt"/>
      <line num="98" count="7" type="cond" truecount="2" falsecount="0"/>
      <line num="99" count="6" type="stmt"/>
      <line num="109" count="6" type="stmt"/>
      <line num="112" count="6" type="stmt"/>
      <line num="113" count="6" type="cond" truecount="2" falsecount="0"/>
      <line num="114" count="1" type="stmt"/>
      <line num="116" count="5" type="stmt"/>
      <line num="120" count="6" type="stmt"/>
      <line num="124" count="6" type="stmt"/>
      <line num="125" count="6" type="stmt"/>
      <line num="131" count="4" type="stmt"/>
      <line num="138" count="4" type="cond" truecount="2" falsecount="0"/>
      <line num="139" count="2" type="stmt"/>
      <line num="145" count="3" type="stmt"/>
      <line num="148" count="3" type="stmt"/>
      <line num="151" count="3" type="cond" truecount="1" falsecount="1"/>
      <line num="155" count="1" type="stmt"/>
      <line num="159" count="2" type="stmt"/>
      <line num="165" count="2" type="stmt"/>
      <line num="168" count="2" type="cond" truecount="2" falsecount="0"/>
      <line num="172" count="1" type="stmt"/>
      <line num="178" count="1" type="stmt"/>
      <line num="181" count="1" type="cond" truecount="1" falsecount="1"/>
      <line num="185" count="2" type="stmt"/>
      <line num="192" count="2" type="stmt"/>
      <line num="195" count="2" type="stmt"/>
      <line num="199" count="1" type="stmt"/>
      <line num="200" count="1" type="stmt"/>
      <line num="201" count="1" type="stmt"/>
      <line num="204" count="1" type="stmt"/>
      <line num="205" count="2" type="stmt"/>
      <line num="208" count="1" type="stmt"/>
      <line num="212" count="13" type="stmt"/>
      <line num="216" count="3" type="stmt"/>
      <line num="221" count="3" type="stmt"/>
      <line num="222" count="3" type="cond" truecount="2" falsecount="0"/>
      <line num="223" count="2" type="stmt"/>
      <line num="224" count="2" type="stmt"/>
    </file>
  </project>
</coverage>
