{"C:\\Users\\prady\\Documents\\GitHub\\EasyAuth\\packages\\adapter-sqlite\\src\\index.ts": {"path":"C:\\Users\\prady\\Documents\\GitHub\\EasyAuth\\packages\\adapter-sqlite\\src\\index.ts","statementMap":{"0":{"start":{"line":11,"column":31},"end":{"line":11,"column":null}},"1":{"start":{"line":13,"column":19},"end":{"line":13,"column":null}},"2":{"start":{"line":56,"column":2},"end":{"line":56,"column":null}},"3":{"start":{"line":58,"column":14},"end":{"line":58,"column":68}},"4":{"start":{"line":62,"column":2},"end":{"line":65,"column":null}},"5":{"start":{"line":63,"column":4},"end":{"line":65,"column":null}},"6":{"start":{"line":79,"column":13},"end":{"line":79,"column":33}},"7":{"start":{"line":82,"column":2},"end":{"line":82,"column":null}},"8":{"start":{"line":83,"column":2},"end":{"line":83,"column":null}},"9":{"start":{"line":85,"column":2},"end":{"line":85,"column":null}},"10":{"start":{"line":87,"column":2},"end":{"line":226,"column":null}},"11":{"start":{"line":89,"column":18},"end":{"line":89,"column":78}},"12":{"start":{"line":98,"column":6},"end":{"line":98,"column":null}},"13":{"start":{"line":98,"column":16},"end":{"line":98,"column":null}},"14":{"start":{"line":99,"column":6},"end":{"line":105,"column":null}},"15":{"start":{"line":109,"column":23},"end":{"line":109,"column":92}},"16":{"start":{"line":112,"column":18},"end":{"line":112,"column":28}},"17":{"start":{"line":113,"column":6},"end":{"line":118,"column":null}},"18":{"start":{"line":114,"column":8},"end":{"line":114,"column":null}},"19":{"start":{"line":116,"column":8},"end":{"line":118,"column":null}},"20":{"start":{"line":120,"column":6},"end":{"line":120,"column":null}},"21":{"start":{"line":124,"column":24},"end":{"line":124,"column":null}},"22":{"start":{"line":125,"column":6},"end":{"line":127,"column":null}},"23":{"start":{"line":131,"column":18},"end":{"line":135,"column":31}},"24":{"start":{"line":138,"column":6},"end":{"line":138,"column":null}},"25":{"start":{"line":138,"column":16},"end":{"line":138,"column":null}},"26":{"start":{"line":139,"column":6},"end":{"line":139,"column":null}},"27":{"start":{"line":145,"column":6},"end":{"line":147,"column":null}},"28":{"start":{"line":148,"column":18},"end":{"line":150,"column":19}},"29":{"start":{"line":151,"column":6},"end":{"line":151,"column":null}},"30":{"start":{"line":155,"column":6},"end":{"line":155,"column":null}},"31":{"start":{"line":159,"column":6},"end":{"line":161,"column":null}},"32":{"start":{"line":165,"column":18},"end":{"line":167,"column":31}},"33":{"start":{"line":168,"column":6},"end":{"line":168,"column":null}},"34":{"start":{"line":172,"column":6},"end":{"line":174,"column":null}},"35":{"start":{"line":178,"column":18},"end":{"line":180,"column":19}},"36":{"start":{"line":181,"column":6},"end":{"line":181,"column":null}},"37":{"start":{"line":185,"column":6},"end":{"line":188,"column":null}},"38":{"start":{"line":192,"column":18},"end":{"line":194,"column":19}},"39":{"start":{"line":195,"column":6},"end":{"line":195,"column":null}},"40":{"start":{"line":199,"column":25},"end":{"line":207,"column":null}},"41":{"start":{"line":200,"column":8},"end":{"line":200,"column":null}},"42":{"start":{"line":201,"column":23},"end":{"line":202,"column":null}},"43":{"start":{"line":204,"column":8},"end":{"line":205,"column":null}},"44":{"start":{"line":205,"column":10},"end":{"line":205,"column":null}},"45":{"start":{"line":208,"column":6},"end":{"line":208,"column":null}},"46":{"start":{"line":212,"column":6},"end":{"line":212,"column":null}},"47":{"start":{"line":216,"column":19},"end":{"line":220,"column":19}},"48":{"start":{"line":221,"column":20},"end":{"line":221,"column":66}},"49":{"start":{"line":221,"column":37},"end":{"line":221,"column":66}},"50":{"start":{"line":222,"column":6},"end":{"line":222,"column":null}},"51":{"start":{"line":222,"column":18},"end":{"line":222,"column":null}},"52":{"start":{"line":223,"column":6},"end":{"line":223,"column":null}},"53":{"start":{"line":224,"column":6},"end":{"line":224,"column":null}}},"fnMap":{"0":{"name":"runMigrations","decl":{"start":{"line":55,"column":9},"end":{"line":55,"column":23}},"loc":{"start":{"line":55,"column":52},"end":{"line":65,"column":null}},"line":55},"1":{"name":"sqliteAdapter","decl":{"start":{"line":78,"column":16},"end":{"line":78,"column":30}},"loc":{"start":{"line":78,"column":61},"end":{"line":226,"column":null}},"line":78},"2":{"name":"(anonymous_2)","decl":{"start":{"line":88,"column":10},"end":{"line":88,"column":18}},"loc":{"start":{"line":88,"column":25},"end":{"line":105,"column":null}},"line":88},"3":{"name":"(anonymous_3)","decl":{"start":{"line":108,"column":10},"end":{"line":108,"column":21}},"loc":{"start":{"line":108,"column":38},"end":{"line":120,"column":null}},"line":108},"4":{"name":"(anonymous_4)","decl":{"start":{"line":123,"column":10},"end":{"line":123,"column":17}},"loc":{"start":{"line":123,"column":48},"end":{"line":127,"column":null}},"line":123},"5":{"name":"(anonymous_5)","decl":{"start":{"line":130,"column":10},"end":{"line":130,"column":17}},"loc":{"start":{"line":130,"column":24},"end":{"line":139,"column":null}},"line":130},"6":{"name":"(anonymous_6)","decl":{"start":{"line":142,"column":10},"end":{"line":142,"column":31}},"loc":{"start":{"line":142,"column":38},"end":{"line":151,"column":null}},"line":142},"7":{"name":"(anonymous_7)","decl":{"start":{"line":154,"column":10},"end":{"line":154,"column":20}},"loc":{"start":{"line":154,"column":27},"end":{"line":155,"column":null}},"line":154},"8":{"name":"(anonymous_8)","decl":{"start":{"line":158,"column":10},"end":{"line":158,"column":21}},"loc":{"start":{"line":158,"column":44},"end":{"line":161,"column":null}},"line":158},"9":{"name":"(anonymous_9)","decl":{"start":{"line":164,"column":10},"end":{"line":164,"column":21}},"loc":{"start":{"line":164,"column":28},"end":{"line":168,"column":null}},"line":164},"10":{"name":"(anonymous_10)","decl":{"start":{"line":171,"column":10},"end":{"line":171,"column":24}},"loc":{"start":{"line":171,"column":48},"end":{"line":174,"column":null}},"line":171},"11":{"name":"(anonymous_11)","decl":{"start":{"line":177,"column":10},"end":{"line":177,"column":24}},"loc":{"start":{"line":177,"column":31},"end":{"line":181,"column":null}},"line":177},"12":{"name":"(anonymous_12)","decl":{"start":{"line":184,"column":10},"end":{"line":184,"column":25}},"loc":{"start":{"line":184,"column":41},"end":{"line":188,"column":null}},"line":184},"13":{"name":"(anonymous_13)","decl":{"start":{"line":191,"column":10},"end":{"line":191,"column":25}},"loc":{"start":{"line":191,"column":32},"end":{"line":195,"column":null}},"line":191},"14":{"name":"(anonymous_14)","decl":{"start":{"line":198,"column":10},"end":{"line":198,"column":25}},"loc":{"start":{"line":198,"column":45},"end":{"line":208,"column":null}},"line":198},"15":{"name":"(anonymous_15)","decl":{"start":{"line":199,"column":28},"end":{"line":199,"column":41}},"loc":{"start":{"line":199,"column":61},"end":{"line":207,"column":null}},"line":199},"16":{"name":"(anonymous_16)","decl":{"start":{"line":211,"column":4},"end":{"line":211,"column":12}},"loc":{"start":{"line":211,"column":12},"end":{"line":212,"column":null}},"line":211},"17":{"name":"(anonymous_17)","decl":{"start":{"line":215,"column":10},"end":{"line":215,"column":28}},"loc":{"start":{"line":215,"column":47},"end":{"line":224,"column":null}},"line":215},"18":{"name":"(anonymous_18)","decl":{"start":{"line":221,"column":25},"end":{"line":221,"column":31}},"loc":{"start":{"line":221,"column":37},"end":{"line":221,"column":66}},"line":221}},"branchMap":{"0":{"loc":{"start":{"line":62,"column":2},"end":{"line":65,"column":null}},"type":"if","locations":[{"start":{"line":62,"column":2},"end":{"line":65,"column":null}},{"start":{},"end":{}}],"line":62},"1":{"loc":{"start":{"line":98,"column":6},"end":{"line":98,"column":null}},"type":"if","locations":[{"start":{"line":98,"column":6},"end":{"line":98,"column":null}},{"start":{},"end":{}}],"line":98},"2":{"loc":{"start":{"line":113,"column":6},"end":{"line":118,"column":null}},"type":"if","locations":[{"start":{"line":113,"column":6},"end":{"line":118,"column":null}},{"start":{"line":115,"column":13},"end":{"line":118,"column":null}}],"line":113},"3":{"loc":{"start":{"line":118,"column":46},"end":{"line":118,"column":60}},"type":"binary-expr","locations":[{"start":{"line":118,"column":46},"end":{"line":118,"column":58}},{"start":{"line":118,"column":58},"end":{"line":118,"column":60}}],"line":118},"4":{"loc":{"start":{"line":138,"column":6},"end":{"line":138,"column":null}},"type":"if","locations":[{"start":{"line":138,"column":6},"end":{"line":138,"column":null}},{"start":{},"end":{}}],"line":138},"5":{"loc":{"start":{"line":151,"column":13},"end":{"line":151,"column":null}},"type":"binary-expr","locations":[{"start":{"line":151,"column":13},"end":{"line":151,"column":30}},{"start":{"line":151,"column":30},"end":{"line":151,"column":null}}],"line":151},"6":{"loc":{"start":{"line":168,"column":13},"end":{"line":168,"column":null}},"type":"binary-expr","locations":[{"start":{"line":168,"column":13},"end":{"line":168,"column":34}},{"start":{"line":168,"column":34},"end":{"line":168,"column":null}}],"line":168},"7":{"loc":{"start":{"line":181,"column":13},"end":{"line":181,"column":null}},"type":"binary-expr","locations":[{"start":{"line":181,"column":13},"end":{"line":181,"column":38}},{"start":{"line":181,"column":38},"end":{"line":181,"column":null}}],"line":181},"8":{"loc":{"start":{"line":186,"column":8},"end":{"line":186,"column":null}},"type":"cond-expr","locations":[{"start":{"line":186,"column":18},"end":{"line":186,"column":22}},{"start":{"line":186,"column":22},"end":{"line":186,"column":null}}],"line":186},"9":{"loc":{"start":{"line":222,"column":6},"end":{"line":222,"column":null}},"type":"if","locations":[{"start":{"line":222,"column":6},"end":{"line":222,"column":null}},{"start":{},"end":{}}],"line":222}},"s":{"0":1,"1":1,"2":13,"3":13,"4":13,"5":13,"6":13,"7":13,"8":13,"9":13,"10":13,"11":7,"12":7,"13":1,"14":6,"15":6,"16":6,"17":6,"18":1,"19":5,"20":6,"21":6,"22":6,"23":4,"24":4,"25":2,"26":2,"27":3,"28":3,"29":3,"30":1,"31":2,"32":2,"33":2,"34":1,"35":1,"36":1,"37":2,"38":2,"39":2,"40":1,"41":1,"42":1,"43":1,"44":2,"45":1,"46":13,"47":3,"48":3,"49":3,"50":3,"51":1,"52":2,"53":2},"f":{"0":13,"1":13,"2":7,"3":6,"4":6,"5":4,"6":3,"7":1,"8":2,"9":2,"10":1,"11":1,"12":2,"13":2,"14":1,"15":1,"16":13,"17":3,"18":3},"b":{"0":[13,0],"1":[1,6],"2":[1,5],"3":[5,5],"4":[2,2],"5":[3,0],"6":[2,1],"7":[1,0],"8":[1,1],"9":[1,2]},"meta":{"lastBranch":10,"lastFunction":19,"lastStatement":54,"seen":{"s:11:31:11:Infinity":0,"s:13:19:13:Infinity":1,"f:55:9:55:23":0,"s:56:2:56:Infinity":2,"s:58:14:58:68":3,"b:62:2:65:Infinity:undefined:undefined:undefined:undefined":0,"s:62:2:65:Infinity":4,"s:63:4:65:Infinity":5,"f:78:16:78:30":1,"s:79:13:79:33":6,"s:82:2:82:Infinity":7,"s:83:2:83:Infinity":8,"s:85:2:85:Infinity":9,"s:87:2:226:Infinity":10,"f:88:10:88:18":2,"s:89:18:89:78":11,"b:98:6:98:Infinity:undefined:undefined:undefined:undefined":1,"s:98:6:98:Infinity":12,"s:98:16:98:Infinity":13,"s:99:6:105:Infinity":14,"f:108:10:108:21":3,"s:109:23:109:92":15,"s:112:18:112:28":16,"b:113:6:118:Infinity:115:13:118:Infinity":2,"s:113:6:118:Infinity":17,"s:114:8:114:Infinity":18,"s:116:8:118:Infinity":19,"b:118:46:118:58:118:58:118:60":3,"s:120:6:120:Infinity":20,"f:123:10:123:17":4,"s:124:24:124:Infinity":21,"s:125:6:127:Infinity":22,"f:130:10:130:17":5,"s:131:18:135:31":23,"b:138:6:138:Infinity:undefined:undefined:undefined:undefined":4,"s:138:6:138:Infinity":24,"s:138:16:138:Infinity":25,"s:139:6:139:Infinity":26,"f:142:10:142:31":6,"s:145:6:147:Infinity":27,"s:148:18:150:19":28,"s:151:6:151:Infinity":29,"b:151:13:151:30:151:30:151:Infinity":5,"f:154:10:154:20":7,"s:155:6:155:Infinity":30,"f:158:10:158:21":8,"s:159:6:161:Infinity":31,"f:164:10:164:21":9,"s:165:18:167:31":32,"s:168:6:168:Infinity":33,"b:168:13:168:34:168:34:168:Infinity":6,"f:171:10:171:24":10,"s:172:6:174:Infinity":34,"f:177:10:177:24":11,"s:178:18:180:19":35,"s:181:6:181:Infinity":36,"b:181:13:181:38:181:38:181:Infinity":7,"f:184:10:184:25":12,"s:185:6:188:Infinity":37,"b:186:18:186:22:186:22:186:Infinity":8,"f:191:10:191:25":13,"s:192:18:194:19":38,"s:195:6:195:Infinity":39,"f:198:10:198:25":14,"s:199:25:207:Infinity":40,"f:199:28:199:41":15,"s:200:8:200:Infinity":41,"s:201:23:202:Infinity":42,"s:204:8:205:Infinity":43,"s:205:10:205:Infinity":44,"s:208:6:208:Infinity":45,"f:211:4:211:12":16,"s:212:6:212:Infinity":46,"f:215:10:215:28":17,"s:216:19:220:19":47,"s:221:20:221:66":48,"f:221:25:221:31":18,"s:221:37:221:66":49,"b:222:6:222:Infinity:undefined:undefined:undefined:undefined":9,"s:222:6:222:Infinity":50,"s:222:18:222:Infinity":51,"s:223:6:223:Infinity":52,"s:224:6:224:Infinity":53}}}
}
